Created by PLY version 3.11 (http://www.dabeaz.com/ply)

Unused terminals:

    7ELM39UFA
    CHED
    DIR
    DKHEL
    DUZ
    FASSILA
    FI
    IDAN
    JIB
    JREB
    JUJNO9AT
    KHREJ
    KMEL
    LIKUL
    M3ROOF
    MIN
    MSSE7
    NO9TA
    OLA
    RED
    SEDM39UFA
    SENF
    WALO

Grammar

Rule 0     S' -> statements
Rule 1     statements -> statements statement
Rule 2     statements -> statement
Rule 3     statement -> assignement
Rule 4     statement -> printing
Rule 5     assignement -> ID TUSSAWI expression_string NO9TAFASSILA
Rule 6     assignement -> ID ZIDFIH expression NO9TAFASSILA
Rule 7     assignement -> ID N9ESSFIH expression NO9TAFASSILA
Rule 8     assignement -> ID DREBFIH expression NO9TAFASSILA
Rule 9     assignement -> ID 9SSEMFIH expression NO9TAFASSILA
Rule 10    assignement -> ID ZIDWA7ED NO9TAFASSILA
Rule 11    assignement -> ID N9ESSWA7ED NO9TAFASSILA
Rule 12    expression_string -> expression
Rule 13    expression_string -> STRING
Rule 14    expression_string -> boolean
Rule 15    printing -> KTEB 7EL9AWESS expression_string SED9AWESS NO9TAFASSILA
Rule 16    statement -> ILA 7EL9AWESS boolean SED9AWESS 7ELLAMA statements SEDLAMA
Rule 17    statement -> ILA 7EL9AWESS boolean SED9AWESS 7ELLAMA statement SEDLAMA MANGHIRDAKCHI 7ELLAMA statement SEDLAMA
Rule 18    statement -> MADAM 7EL9AWESS boolean SED9AWESS 7ELLAMA statements SEDLAMA
Rule 19    expression -> 7EL9AWESS expression SED9AWESS
Rule 20    expression -> expression ZA2ID term
Rule 21    expression -> expression NA9ISS term
Rule 22    expression -> term
Rule 23    term -> term BA9IL9ISSMA factor
Rule 24    term -> term DREB factor
Rule 25    term -> term 9SSEM factor
Rule 26    term -> ID
Rule 27    term -> factor
Rule 28    factor -> 7EL9AWESS expression SED9AWESS
Rule 29    factor -> RA9M
Rule 30    boolean -> S7I7
Rule 31    boolean -> GHALAT
Rule 32    boolean -> ID YUSSAWI2 boolean
Rule 33    boolean -> ID YUSSAWI2 expression
Rule 34    boolean -> ID MAKAYSSAWICH boolean
Rule 35    boolean -> boolean YUSSAWI2 ID
Rule 36    boolean -> boolean MAKAYSSAWICH ID
Rule 37    boolean -> ID YUSSAWI2 ID
Rule 38    boolean -> ID MAKAYSSAWICH ID
Rule 39    boolean -> boolean YUSSAWI2 boolean
Rule 40    boolean -> boolean MAKAYSSAWICH boolean
Rule 41    boolean -> expression YUSSAWI2 expression
Rule 42    boolean -> expression MAKAYSSAWICH expression
Rule 43    boolean -> expression KTERMN expression
Rule 44    boolean -> expression 9ELMN expression
Rule 45    boolean -> expression KTERYUSSAWI expression
Rule 46    boolean -> expression 9ELYUSSAWI expression

Terminals, with rules where they appear

7EL9AWESS            : 15 16 17 18 19 28
7ELLAMA              : 16 17 17 18
7ELM39UFA            : 
9ELMN                : 44
9ELYUSSAWI           : 46
9SSEM                : 25
9SSEMFIH             : 9
BA9IL9ISSMA          : 23
CHED                 : 
DIR                  : 
DKHEL                : 
DREB                 : 24
DREBFIH              : 8
DUZ                  : 
FASSILA              : 
FI                   : 
GHALAT               : 31
ID                   : 5 6 7 8 9 10 11 26 32 33 34 35 36 37 37 38 38
IDAN                 : 
ILA                  : 16 17
JIB                  : 
JREB                 : 
JUJNO9AT             : 
KHREJ                : 
KMEL                 : 
KTEB                 : 15
KTERMN               : 43
KTERYUSSAWI          : 45
LIKUL                : 
M3ROOF               : 
MADAM                : 18
MAKAYSSAWICH         : 34 36 38 40 42
MANGHIRDAKCHI        : 17
MIN                  : 
MSSE7                : 
N9ESSFIH             : 7
N9ESSWA7ED           : 11
NA9ISS               : 21
NO9TA                : 
NO9TAFASSILA         : 5 6 7 8 9 10 11 15
OLA                  : 
RA9M                 : 29
RED                  : 
S7I7                 : 30
SED9AWESS            : 15 16 17 18 19 28
SEDLAMA              : 16 17 17 18
SEDM39UFA            : 
SENF                 : 
STRING               : 13
TUSSAWI              : 5
WALO                 : 
YUSSAWI2             : 32 33 35 37 39 41
ZA2ID                : 20
ZIDFIH               : 6
ZIDWA7ED             : 10
error                : 

Nonterminals, with rules where they appear

assignement          : 3
boolean              : 14 16 17 18 32 34 35 36 39 39 40 40
expression           : 6 7 8 9 12 19 20 21 28 33 41 41 42 42 43 43 44 44 45 45 46 46
expression_string    : 5 15
factor               : 23 24 25 27
printing             : 4
statement            : 1 2 17 17
statements           : 1 16 18 0
term                 : 20 21 22 23 24 25

Parsing method: LALR

state 0

    (0) S' -> . statements
    (1) statements -> . statements statement
    (2) statements -> . statement
    (3) statement -> . assignement
    (4) statement -> . printing
    (16) statement -> . ILA 7EL9AWESS boolean SED9AWESS 7ELLAMA statements SEDLAMA
    (17) statement -> . ILA 7EL9AWESS boolean SED9AWESS 7ELLAMA statement SEDLAMA MANGHIRDAKCHI 7ELLAMA statement SEDLAMA
    (18) statement -> . MADAM 7EL9AWESS boolean SED9AWESS 7ELLAMA statements SEDLAMA
    (5) assignement -> . ID TUSSAWI expression_string NO9TAFASSILA
    (6) assignement -> . ID ZIDFIH expression NO9TAFASSILA
    (7) assignement -> . ID N9ESSFIH expression NO9TAFASSILA
    (8) assignement -> . ID DREBFIH expression NO9TAFASSILA
    (9) assignement -> . ID 9SSEMFIH expression NO9TAFASSILA
    (10) assignement -> . ID ZIDWA7ED NO9TAFASSILA
    (11) assignement -> . ID N9ESSWA7ED NO9TAFASSILA
    (15) printing -> . KTEB 7EL9AWESS expression_string SED9AWESS NO9TAFASSILA

    ILA             shift and go to state 5
    MADAM           shift and go to state 6
    ID              shift and go to state 7
    KTEB            shift and go to state 8

    statements                     shift and go to state 1
    statement                      shift and go to state 2
    assignement                    shift and go to state 3
    printing                       shift and go to state 4

state 1

    (0) S' -> statements .
    (1) statements -> statements . statement
    (3) statement -> . assignement
    (4) statement -> . printing
    (16) statement -> . ILA 7EL9AWESS boolean SED9AWESS 7ELLAMA statements SEDLAMA
    (17) statement -> . ILA 7EL9AWESS boolean SED9AWESS 7ELLAMA statement SEDLAMA MANGHIRDAKCHI 7ELLAMA statement SEDLAMA
    (18) statement -> . MADAM 7EL9AWESS boolean SED9AWESS 7ELLAMA statements SEDLAMA
    (5) assignement -> . ID TUSSAWI expression_string NO9TAFASSILA
    (6) assignement -> . ID ZIDFIH expression NO9TAFASSILA
    (7) assignement -> . ID N9ESSFIH expression NO9TAFASSILA
    (8) assignement -> . ID DREBFIH expression NO9TAFASSILA
    (9) assignement -> . ID 9SSEMFIH expression NO9TAFASSILA
    (10) assignement -> . ID ZIDWA7ED NO9TAFASSILA
    (11) assignement -> . ID N9ESSWA7ED NO9TAFASSILA
    (15) printing -> . KTEB 7EL9AWESS expression_string SED9AWESS NO9TAFASSILA

    ILA             shift and go to state 5
    MADAM           shift and go to state 6
    ID              shift and go to state 7
    KTEB            shift and go to state 8

    statement                      shift and go to state 9
    assignement                    shift and go to state 3
    printing                       shift and go to state 4

state 2

    (2) statements -> statement .

    ILA             reduce using rule 2 (statements -> statement .)
    MADAM           reduce using rule 2 (statements -> statement .)
    ID              reduce using rule 2 (statements -> statement .)
    KTEB            reduce using rule 2 (statements -> statement .)
    $end            reduce using rule 2 (statements -> statement .)
    SEDLAMA         reduce using rule 2 (statements -> statement .)


state 3

    (3) statement -> assignement .

    ILA             reduce using rule 3 (statement -> assignement .)
    MADAM           reduce using rule 3 (statement -> assignement .)
    ID              reduce using rule 3 (statement -> assignement .)
    KTEB            reduce using rule 3 (statement -> assignement .)
    $end            reduce using rule 3 (statement -> assignement .)
    SEDLAMA         reduce using rule 3 (statement -> assignement .)


state 4

    (4) statement -> printing .

    ILA             reduce using rule 4 (statement -> printing .)
    MADAM           reduce using rule 4 (statement -> printing .)
    ID              reduce using rule 4 (statement -> printing .)
    KTEB            reduce using rule 4 (statement -> printing .)
    $end            reduce using rule 4 (statement -> printing .)
    SEDLAMA         reduce using rule 4 (statement -> printing .)


state 5

    (16) statement -> ILA . 7EL9AWESS boolean SED9AWESS 7ELLAMA statements SEDLAMA
    (17) statement -> ILA . 7EL9AWESS boolean SED9AWESS 7ELLAMA statement SEDLAMA MANGHIRDAKCHI 7ELLAMA statement SEDLAMA

    7EL9AWESS       shift and go to state 10


state 6

    (18) statement -> MADAM . 7EL9AWESS boolean SED9AWESS 7ELLAMA statements SEDLAMA

    7EL9AWESS       shift and go to state 11


state 7

    (5) assignement -> ID . TUSSAWI expression_string NO9TAFASSILA
    (6) assignement -> ID . ZIDFIH expression NO9TAFASSILA
    (7) assignement -> ID . N9ESSFIH expression NO9TAFASSILA
    (8) assignement -> ID . DREBFIH expression NO9TAFASSILA
    (9) assignement -> ID . 9SSEMFIH expression NO9TAFASSILA
    (10) assignement -> ID . ZIDWA7ED NO9TAFASSILA
    (11) assignement -> ID . N9ESSWA7ED NO9TAFASSILA

    TUSSAWI         shift and go to state 12
    ZIDFIH          shift and go to state 13
    N9ESSFIH        shift and go to state 14
    DREBFIH         shift and go to state 15
    9SSEMFIH        shift and go to state 16
    ZIDWA7ED        shift and go to state 17
    N9ESSWA7ED      shift and go to state 18


state 8

    (15) printing -> KTEB . 7EL9AWESS expression_string SED9AWESS NO9TAFASSILA

    7EL9AWESS       shift and go to state 19


state 9

    (1) statements -> statements statement .

    ILA             reduce using rule 1 (statements -> statements statement .)
    MADAM           reduce using rule 1 (statements -> statements statement .)
    ID              reduce using rule 1 (statements -> statements statement .)
    KTEB            reduce using rule 1 (statements -> statements statement .)
    $end            reduce using rule 1 (statements -> statements statement .)
    SEDLAMA         reduce using rule 1 (statements -> statements statement .)


state 10

    (16) statement -> ILA 7EL9AWESS . boolean SED9AWESS 7ELLAMA statements SEDLAMA
    (17) statement -> ILA 7EL9AWESS . boolean SED9AWESS 7ELLAMA statement SEDLAMA MANGHIRDAKCHI 7ELLAMA statement SEDLAMA
    (30) boolean -> . S7I7
    (31) boolean -> . GHALAT
    (32) boolean -> . ID YUSSAWI2 boolean
    (33) boolean -> . ID YUSSAWI2 expression
    (34) boolean -> . ID MAKAYSSAWICH boolean
    (35) boolean -> . boolean YUSSAWI2 ID
    (36) boolean -> . boolean MAKAYSSAWICH ID
    (37) boolean -> . ID YUSSAWI2 ID
    (38) boolean -> . ID MAKAYSSAWICH ID
    (39) boolean -> . boolean YUSSAWI2 boolean
    (40) boolean -> . boolean MAKAYSSAWICH boolean
    (41) boolean -> . expression YUSSAWI2 expression
    (42) boolean -> . expression MAKAYSSAWICH expression
    (43) boolean -> . expression KTERMN expression
    (44) boolean -> . expression 9ELMN expression
    (45) boolean -> . expression KTERYUSSAWI expression
    (46) boolean -> . expression 9ELYUSSAWI expression
    (19) expression -> . 7EL9AWESS expression SED9AWESS
    (20) expression -> . expression ZA2ID term
    (21) expression -> . expression NA9ISS term
    (22) expression -> . term
    (23) term -> . term BA9IL9ISSMA factor
    (24) term -> . term DREB factor
    (25) term -> . term 9SSEM factor
    (26) term -> . ID
    (27) term -> . factor
    (28) factor -> . 7EL9AWESS expression SED9AWESS
    (29) factor -> . RA9M

    S7I7            shift and go to state 22
    GHALAT          shift and go to state 23
    ID              shift and go to state 24
    7EL9AWESS       shift and go to state 20
    RA9M            shift and go to state 28

    boolean                        shift and go to state 21
    expression                     shift and go to state 25
    term                           shift and go to state 26
    factor                         shift and go to state 27

state 11

    (18) statement -> MADAM 7EL9AWESS . boolean SED9AWESS 7ELLAMA statements SEDLAMA
    (30) boolean -> . S7I7
    (31) boolean -> . GHALAT
    (32) boolean -> . ID YUSSAWI2 boolean
    (33) boolean -> . ID YUSSAWI2 expression
    (34) boolean -> . ID MAKAYSSAWICH boolean
    (35) boolean -> . boolean YUSSAWI2 ID
    (36) boolean -> . boolean MAKAYSSAWICH ID
    (37) boolean -> . ID YUSSAWI2 ID
    (38) boolean -> . ID MAKAYSSAWICH ID
    (39) boolean -> . boolean YUSSAWI2 boolean
    (40) boolean -> . boolean MAKAYSSAWICH boolean
    (41) boolean -> . expression YUSSAWI2 expression
    (42) boolean -> . expression MAKAYSSAWICH expression
    (43) boolean -> . expression KTERMN expression
    (44) boolean -> . expression 9ELMN expression
    (45) boolean -> . expression KTERYUSSAWI expression
    (46) boolean -> . expression 9ELYUSSAWI expression
    (19) expression -> . 7EL9AWESS expression SED9AWESS
    (20) expression -> . expression ZA2ID term
    (21) expression -> . expression NA9ISS term
    (22) expression -> . term
    (23) term -> . term BA9IL9ISSMA factor
    (24) term -> . term DREB factor
    (25) term -> . term 9SSEM factor
    (26) term -> . ID
    (27) term -> . factor
    (28) factor -> . 7EL9AWESS expression SED9AWESS
    (29) factor -> . RA9M

    S7I7            shift and go to state 22
    GHALAT          shift and go to state 23
    ID              shift and go to state 24
    7EL9AWESS       shift and go to state 20
    RA9M            shift and go to state 28

    boolean                        shift and go to state 29
    expression                     shift and go to state 25
    term                           shift and go to state 26
    factor                         shift and go to state 27

state 12

    (5) assignement -> ID TUSSAWI . expression_string NO9TAFASSILA
    (12) expression_string -> . expression
    (13) expression_string -> . STRING
    (14) expression_string -> . boolean
    (19) expression -> . 7EL9AWESS expression SED9AWESS
    (20) expression -> . expression ZA2ID term
    (21) expression -> . expression NA9ISS term
    (22) expression -> . term
    (30) boolean -> . S7I7
    (31) boolean -> . GHALAT
    (32) boolean -> . ID YUSSAWI2 boolean
    (33) boolean -> . ID YUSSAWI2 expression
    (34) boolean -> . ID MAKAYSSAWICH boolean
    (35) boolean -> . boolean YUSSAWI2 ID
    (36) boolean -> . boolean MAKAYSSAWICH ID
    (37) boolean -> . ID YUSSAWI2 ID
    (38) boolean -> . ID MAKAYSSAWICH ID
    (39) boolean -> . boolean YUSSAWI2 boolean
    (40) boolean -> . boolean MAKAYSSAWICH boolean
    (41) boolean -> . expression YUSSAWI2 expression
    (42) boolean -> . expression MAKAYSSAWICH expression
    (43) boolean -> . expression KTERMN expression
    (44) boolean -> . expression 9ELMN expression
    (45) boolean -> . expression KTERYUSSAWI expression
    (46) boolean -> . expression 9ELYUSSAWI expression
    (23) term -> . term BA9IL9ISSMA factor
    (24) term -> . term DREB factor
    (25) term -> . term 9SSEM factor
    (26) term -> . ID
    (27) term -> . factor
    (28) factor -> . 7EL9AWESS expression SED9AWESS
    (29) factor -> . RA9M

    STRING          shift and go to state 32
    7EL9AWESS       shift and go to state 20
    S7I7            shift and go to state 22
    GHALAT          shift and go to state 23
    ID              shift and go to state 24
    RA9M            shift and go to state 28

    expression_string              shift and go to state 30
    expression                     shift and go to state 31
    boolean                        shift and go to state 33
    term                           shift and go to state 26
    factor                         shift and go to state 27

state 13

    (6) assignement -> ID ZIDFIH . expression NO9TAFASSILA
    (19) expression -> . 7EL9AWESS expression SED9AWESS
    (20) expression -> . expression ZA2ID term
    (21) expression -> . expression NA9ISS term
    (22) expression -> . term
    (23) term -> . term BA9IL9ISSMA factor
    (24) term -> . term DREB factor
    (25) term -> . term 9SSEM factor
    (26) term -> . ID
    (27) term -> . factor
    (28) factor -> . 7EL9AWESS expression SED9AWESS
    (29) factor -> . RA9M

    7EL9AWESS       shift and go to state 20
    ID              shift and go to state 34
    RA9M            shift and go to state 28

    expression                     shift and go to state 35
    term                           shift and go to state 26
    factor                         shift and go to state 27

state 14

    (7) assignement -> ID N9ESSFIH . expression NO9TAFASSILA
    (19) expression -> . 7EL9AWESS expression SED9AWESS
    (20) expression -> . expression ZA2ID term
    (21) expression -> . expression NA9ISS term
    (22) expression -> . term
    (23) term -> . term BA9IL9ISSMA factor
    (24) term -> . term DREB factor
    (25) term -> . term 9SSEM factor
    (26) term -> . ID
    (27) term -> . factor
    (28) factor -> . 7EL9AWESS expression SED9AWESS
    (29) factor -> . RA9M

    7EL9AWESS       shift and go to state 20
    ID              shift and go to state 34
    RA9M            shift and go to state 28

    expression                     shift and go to state 36
    term                           shift and go to state 26
    factor                         shift and go to state 27

state 15

    (8) assignement -> ID DREBFIH . expression NO9TAFASSILA
    (19) expression -> . 7EL9AWESS expression SED9AWESS
    (20) expression -> . expression ZA2ID term
    (21) expression -> . expression NA9ISS term
    (22) expression -> . term
    (23) term -> . term BA9IL9ISSMA factor
    (24) term -> . term DREB factor
    (25) term -> . term 9SSEM factor
    (26) term -> . ID
    (27) term -> . factor
    (28) factor -> . 7EL9AWESS expression SED9AWESS
    (29) factor -> . RA9M

    7EL9AWESS       shift and go to state 20
    ID              shift and go to state 34
    RA9M            shift and go to state 28

    expression                     shift and go to state 37
    term                           shift and go to state 26
    factor                         shift and go to state 27

state 16

    (9) assignement -> ID 9SSEMFIH . expression NO9TAFASSILA
    (19) expression -> . 7EL9AWESS expression SED9AWESS
    (20) expression -> . expression ZA2ID term
    (21) expression -> . expression NA9ISS term
    (22) expression -> . term
    (23) term -> . term BA9IL9ISSMA factor
    (24) term -> . term DREB factor
    (25) term -> . term 9SSEM factor
    (26) term -> . ID
    (27) term -> . factor
    (28) factor -> . 7EL9AWESS expression SED9AWESS
    (29) factor -> . RA9M

    7EL9AWESS       shift and go to state 20
    ID              shift and go to state 34
    RA9M            shift and go to state 28

    expression                     shift and go to state 38
    term                           shift and go to state 26
    factor                         shift and go to state 27

state 17

    (10) assignement -> ID ZIDWA7ED . NO9TAFASSILA

    NO9TAFASSILA    shift and go to state 39


state 18

    (11) assignement -> ID N9ESSWA7ED . NO9TAFASSILA

    NO9TAFASSILA    shift and go to state 40


state 19

    (15) printing -> KTEB 7EL9AWESS . expression_string SED9AWESS NO9TAFASSILA
    (12) expression_string -> . expression
    (13) expression_string -> . STRING
    (14) expression_string -> . boolean
    (19) expression -> . 7EL9AWESS expression SED9AWESS
    (20) expression -> . expression ZA2ID term
    (21) expression -> . expression NA9ISS term
    (22) expression -> . term
    (30) boolean -> . S7I7
    (31) boolean -> . GHALAT
    (32) boolean -> . ID YUSSAWI2 boolean
    (33) boolean -> . ID YUSSAWI2 expression
    (34) boolean -> . ID MAKAYSSAWICH boolean
    (35) boolean -> . boolean YUSSAWI2 ID
    (36) boolean -> . boolean MAKAYSSAWICH ID
    (37) boolean -> . ID YUSSAWI2 ID
    (38) boolean -> . ID MAKAYSSAWICH ID
    (39) boolean -> . boolean YUSSAWI2 boolean
    (40) boolean -> . boolean MAKAYSSAWICH boolean
    (41) boolean -> . expression YUSSAWI2 expression
    (42) boolean -> . expression MAKAYSSAWICH expression
    (43) boolean -> . expression KTERMN expression
    (44) boolean -> . expression 9ELMN expression
    (45) boolean -> . expression KTERYUSSAWI expression
    (46) boolean -> . expression 9ELYUSSAWI expression
    (23) term -> . term BA9IL9ISSMA factor
    (24) term -> . term DREB factor
    (25) term -> . term 9SSEM factor
    (26) term -> . ID
    (27) term -> . factor
    (28) factor -> . 7EL9AWESS expression SED9AWESS
    (29) factor -> . RA9M

    STRING          shift and go to state 32
    7EL9AWESS       shift and go to state 20
    S7I7            shift and go to state 22
    GHALAT          shift and go to state 23
    ID              shift and go to state 24
    RA9M            shift and go to state 28

    expression_string              shift and go to state 41
    expression                     shift and go to state 31
    boolean                        shift and go to state 33
    term                           shift and go to state 26
    factor                         shift and go to state 27

state 20

    (19) expression -> 7EL9AWESS . expression SED9AWESS
    (28) factor -> 7EL9AWESS . expression SED9AWESS
    (19) expression -> . 7EL9AWESS expression SED9AWESS
    (20) expression -> . expression ZA2ID term
    (21) expression -> . expression NA9ISS term
    (22) expression -> . term
    (23) term -> . term BA9IL9ISSMA factor
    (24) term -> . term DREB factor
    (25) term -> . term 9SSEM factor
    (26) term -> . ID
    (27) term -> . factor
    (28) factor -> . 7EL9AWESS expression SED9AWESS
    (29) factor -> . RA9M

    7EL9AWESS       shift and go to state 20
    ID              shift and go to state 34
    RA9M            shift and go to state 28

    expression                     shift and go to state 42
    term                           shift and go to state 26
    factor                         shift and go to state 27

state 21

    (16) statement -> ILA 7EL9AWESS boolean . SED9AWESS 7ELLAMA statements SEDLAMA
    (17) statement -> ILA 7EL9AWESS boolean . SED9AWESS 7ELLAMA statement SEDLAMA MANGHIRDAKCHI 7ELLAMA statement SEDLAMA
    (35) boolean -> boolean . YUSSAWI2 ID
    (36) boolean -> boolean . MAKAYSSAWICH ID
    (39) boolean -> boolean . YUSSAWI2 boolean
    (40) boolean -> boolean . MAKAYSSAWICH boolean

    SED9AWESS       shift and go to state 43
    YUSSAWI2        shift and go to state 44
    MAKAYSSAWICH    shift and go to state 45


state 22

    (30) boolean -> S7I7 .

    SED9AWESS       reduce using rule 30 (boolean -> S7I7 .)
    YUSSAWI2        reduce using rule 30 (boolean -> S7I7 .)
    MAKAYSSAWICH    reduce using rule 30 (boolean -> S7I7 .)
    NO9TAFASSILA    reduce using rule 30 (boolean -> S7I7 .)


state 23

    (31) boolean -> GHALAT .

    SED9AWESS       reduce using rule 31 (boolean -> GHALAT .)
    YUSSAWI2        reduce using rule 31 (boolean -> GHALAT .)
    MAKAYSSAWICH    reduce using rule 31 (boolean -> GHALAT .)
    NO9TAFASSILA    reduce using rule 31 (boolean -> GHALAT .)


state 24

    (32) boolean -> ID . YUSSAWI2 boolean
    (33) boolean -> ID . YUSSAWI2 expression
    (34) boolean -> ID . MAKAYSSAWICH boolean
    (37) boolean -> ID . YUSSAWI2 ID
    (38) boolean -> ID . MAKAYSSAWICH ID
    (26) term -> ID .

  ! shift/reduce conflict for YUSSAWI2 resolved as shift
  ! shift/reduce conflict for MAKAYSSAWICH resolved as shift
    YUSSAWI2        shift and go to state 46
    MAKAYSSAWICH    shift and go to state 47
    BA9IL9ISSMA     reduce using rule 26 (term -> ID .)
    DREB            reduce using rule 26 (term -> ID .)
    9SSEM           reduce using rule 26 (term -> ID .)
    KTERMN          reduce using rule 26 (term -> ID .)
    9ELMN           reduce using rule 26 (term -> ID .)
    KTERYUSSAWI     reduce using rule 26 (term -> ID .)
    9ELYUSSAWI      reduce using rule 26 (term -> ID .)
    ZA2ID           reduce using rule 26 (term -> ID .)
    NA9ISS          reduce using rule 26 (term -> ID .)
    NO9TAFASSILA    reduce using rule 26 (term -> ID .)
    SED9AWESS       reduce using rule 26 (term -> ID .)

  ! YUSSAWI2        [ reduce using rule 26 (term -> ID .) ]
  ! MAKAYSSAWICH    [ reduce using rule 26 (term -> ID .) ]


state 25

    (41) boolean -> expression . YUSSAWI2 expression
    (42) boolean -> expression . MAKAYSSAWICH expression
    (43) boolean -> expression . KTERMN expression
    (44) boolean -> expression . 9ELMN expression
    (45) boolean -> expression . KTERYUSSAWI expression
    (46) boolean -> expression . 9ELYUSSAWI expression
    (20) expression -> expression . ZA2ID term
    (21) expression -> expression . NA9ISS term

    YUSSAWI2        shift and go to state 48
    MAKAYSSAWICH    shift and go to state 49
    KTERMN          shift and go to state 50
    9ELMN           shift and go to state 51
    KTERYUSSAWI     shift and go to state 52
    9ELYUSSAWI      shift and go to state 53
    ZA2ID           shift and go to state 54
    NA9ISS          shift and go to state 55


state 26

    (22) expression -> term .
    (23) term -> term . BA9IL9ISSMA factor
    (24) term -> term . DREB factor
    (25) term -> term . 9SSEM factor

    YUSSAWI2        reduce using rule 22 (expression -> term .)
    MAKAYSSAWICH    reduce using rule 22 (expression -> term .)
    KTERMN          reduce using rule 22 (expression -> term .)
    9ELMN           reduce using rule 22 (expression -> term .)
    KTERYUSSAWI     reduce using rule 22 (expression -> term .)
    9ELYUSSAWI      reduce using rule 22 (expression -> term .)
    ZA2ID           reduce using rule 22 (expression -> term .)
    NA9ISS          reduce using rule 22 (expression -> term .)
    NO9TAFASSILA    reduce using rule 22 (expression -> term .)
    SED9AWESS       reduce using rule 22 (expression -> term .)
    BA9IL9ISSMA     shift and go to state 56
    DREB            shift and go to state 57
    9SSEM           shift and go to state 58


state 27

    (27) term -> factor .

    BA9IL9ISSMA     reduce using rule 27 (term -> factor .)
    DREB            reduce using rule 27 (term -> factor .)
    9SSEM           reduce using rule 27 (term -> factor .)
    YUSSAWI2        reduce using rule 27 (term -> factor .)
    MAKAYSSAWICH    reduce using rule 27 (term -> factor .)
    KTERMN          reduce using rule 27 (term -> factor .)
    9ELMN           reduce using rule 27 (term -> factor .)
    KTERYUSSAWI     reduce using rule 27 (term -> factor .)
    9ELYUSSAWI      reduce using rule 27 (term -> factor .)
    ZA2ID           reduce using rule 27 (term -> factor .)
    NA9ISS          reduce using rule 27 (term -> factor .)
    NO9TAFASSILA    reduce using rule 27 (term -> factor .)
    SED9AWESS       reduce using rule 27 (term -> factor .)


state 28

    (29) factor -> RA9M .

    BA9IL9ISSMA     reduce using rule 29 (factor -> RA9M .)
    DREB            reduce using rule 29 (factor -> RA9M .)
    9SSEM           reduce using rule 29 (factor -> RA9M .)
    YUSSAWI2        reduce using rule 29 (factor -> RA9M .)
    MAKAYSSAWICH    reduce using rule 29 (factor -> RA9M .)
    KTERMN          reduce using rule 29 (factor -> RA9M .)
    9ELMN           reduce using rule 29 (factor -> RA9M .)
    KTERYUSSAWI     reduce using rule 29 (factor -> RA9M .)
    9ELYUSSAWI      reduce using rule 29 (factor -> RA9M .)
    ZA2ID           reduce using rule 29 (factor -> RA9M .)
    NA9ISS          reduce using rule 29 (factor -> RA9M .)
    NO9TAFASSILA    reduce using rule 29 (factor -> RA9M .)
    SED9AWESS       reduce using rule 29 (factor -> RA9M .)


state 29

    (18) statement -> MADAM 7EL9AWESS boolean . SED9AWESS 7ELLAMA statements SEDLAMA
    (35) boolean -> boolean . YUSSAWI2 ID
    (36) boolean -> boolean . MAKAYSSAWICH ID
    (39) boolean -> boolean . YUSSAWI2 boolean
    (40) boolean -> boolean . MAKAYSSAWICH boolean

    SED9AWESS       shift and go to state 59
    YUSSAWI2        shift and go to state 44
    MAKAYSSAWICH    shift and go to state 45


state 30

    (5) assignement -> ID TUSSAWI expression_string . NO9TAFASSILA

    NO9TAFASSILA    shift and go to state 60


state 31

    (12) expression_string -> expression .
    (20) expression -> expression . ZA2ID term
    (21) expression -> expression . NA9ISS term
    (41) boolean -> expression . YUSSAWI2 expression
    (42) boolean -> expression . MAKAYSSAWICH expression
    (43) boolean -> expression . KTERMN expression
    (44) boolean -> expression . 9ELMN expression
    (45) boolean -> expression . KTERYUSSAWI expression
    (46) boolean -> expression . 9ELYUSSAWI expression

    NO9TAFASSILA    reduce using rule 12 (expression_string -> expression .)
    SED9AWESS       reduce using rule 12 (expression_string -> expression .)
    ZA2ID           shift and go to state 54
    NA9ISS          shift and go to state 55
    YUSSAWI2        shift and go to state 48
    MAKAYSSAWICH    shift and go to state 49
    KTERMN          shift and go to state 50
    9ELMN           shift and go to state 51
    KTERYUSSAWI     shift and go to state 52
    9ELYUSSAWI      shift and go to state 53


state 32

    (13) expression_string -> STRING .

    NO9TAFASSILA    reduce using rule 13 (expression_string -> STRING .)
    SED9AWESS       reduce using rule 13 (expression_string -> STRING .)


state 33

    (14) expression_string -> boolean .
    (35) boolean -> boolean . YUSSAWI2 ID
    (36) boolean -> boolean . MAKAYSSAWICH ID
    (39) boolean -> boolean . YUSSAWI2 boolean
    (40) boolean -> boolean . MAKAYSSAWICH boolean

    NO9TAFASSILA    reduce using rule 14 (expression_string -> boolean .)
    SED9AWESS       reduce using rule 14 (expression_string -> boolean .)
    YUSSAWI2        shift and go to state 44
    MAKAYSSAWICH    shift and go to state 45


state 34

    (26) term -> ID .

    BA9IL9ISSMA     reduce using rule 26 (term -> ID .)
    DREB            reduce using rule 26 (term -> ID .)
    9SSEM           reduce using rule 26 (term -> ID .)
    NO9TAFASSILA    reduce using rule 26 (term -> ID .)
    ZA2ID           reduce using rule 26 (term -> ID .)
    NA9ISS          reduce using rule 26 (term -> ID .)
    SED9AWESS       reduce using rule 26 (term -> ID .)
    YUSSAWI2        reduce using rule 26 (term -> ID .)
    MAKAYSSAWICH    reduce using rule 26 (term -> ID .)
    KTERMN          reduce using rule 26 (term -> ID .)
    9ELMN           reduce using rule 26 (term -> ID .)
    KTERYUSSAWI     reduce using rule 26 (term -> ID .)
    9ELYUSSAWI      reduce using rule 26 (term -> ID .)


state 35

    (6) assignement -> ID ZIDFIH expression . NO9TAFASSILA
    (20) expression -> expression . ZA2ID term
    (21) expression -> expression . NA9ISS term

    NO9TAFASSILA    shift and go to state 61
    ZA2ID           shift and go to state 54
    NA9ISS          shift and go to state 55


state 36

    (7) assignement -> ID N9ESSFIH expression . NO9TAFASSILA
    (20) expression -> expression . ZA2ID term
    (21) expression -> expression . NA9ISS term

    NO9TAFASSILA    shift and go to state 62
    ZA2ID           shift and go to state 54
    NA9ISS          shift and go to state 55


state 37

    (8) assignement -> ID DREBFIH expression . NO9TAFASSILA
    (20) expression -> expression . ZA2ID term
    (21) expression -> expression . NA9ISS term

    NO9TAFASSILA    shift and go to state 63
    ZA2ID           shift and go to state 54
    NA9ISS          shift and go to state 55


state 38

    (9) assignement -> ID 9SSEMFIH expression . NO9TAFASSILA
    (20) expression -> expression . ZA2ID term
    (21) expression -> expression . NA9ISS term

    NO9TAFASSILA    shift and go to state 64
    ZA2ID           shift and go to state 54
    NA9ISS          shift and go to state 55


state 39

    (10) assignement -> ID ZIDWA7ED NO9TAFASSILA .

    ILA             reduce using rule 10 (assignement -> ID ZIDWA7ED NO9TAFASSILA .)
    MADAM           reduce using rule 10 (assignement -> ID ZIDWA7ED NO9TAFASSILA .)
    ID              reduce using rule 10 (assignement -> ID ZIDWA7ED NO9TAFASSILA .)
    KTEB            reduce using rule 10 (assignement -> ID ZIDWA7ED NO9TAFASSILA .)
    $end            reduce using rule 10 (assignement -> ID ZIDWA7ED NO9TAFASSILA .)
    SEDLAMA         reduce using rule 10 (assignement -> ID ZIDWA7ED NO9TAFASSILA .)


state 40

    (11) assignement -> ID N9ESSWA7ED NO9TAFASSILA .

    ILA             reduce using rule 11 (assignement -> ID N9ESSWA7ED NO9TAFASSILA .)
    MADAM           reduce using rule 11 (assignement -> ID N9ESSWA7ED NO9TAFASSILA .)
    ID              reduce using rule 11 (assignement -> ID N9ESSWA7ED NO9TAFASSILA .)
    KTEB            reduce using rule 11 (assignement -> ID N9ESSWA7ED NO9TAFASSILA .)
    $end            reduce using rule 11 (assignement -> ID N9ESSWA7ED NO9TAFASSILA .)
    SEDLAMA         reduce using rule 11 (assignement -> ID N9ESSWA7ED NO9TAFASSILA .)


state 41

    (15) printing -> KTEB 7EL9AWESS expression_string . SED9AWESS NO9TAFASSILA

    SED9AWESS       shift and go to state 65


state 42

    (19) expression -> 7EL9AWESS expression . SED9AWESS
    (28) factor -> 7EL9AWESS expression . SED9AWESS
    (20) expression -> expression . ZA2ID term
    (21) expression -> expression . NA9ISS term

    SED9AWESS       shift and go to state 66
    ZA2ID           shift and go to state 54
    NA9ISS          shift and go to state 55


state 43

    (16) statement -> ILA 7EL9AWESS boolean SED9AWESS . 7ELLAMA statements SEDLAMA
    (17) statement -> ILA 7EL9AWESS boolean SED9AWESS . 7ELLAMA statement SEDLAMA MANGHIRDAKCHI 7ELLAMA statement SEDLAMA

    7ELLAMA         shift and go to state 67


state 44

    (35) boolean -> boolean YUSSAWI2 . ID
    (39) boolean -> boolean YUSSAWI2 . boolean
    (30) boolean -> . S7I7
    (31) boolean -> . GHALAT
    (32) boolean -> . ID YUSSAWI2 boolean
    (33) boolean -> . ID YUSSAWI2 expression
    (34) boolean -> . ID MAKAYSSAWICH boolean
    (35) boolean -> . boolean YUSSAWI2 ID
    (36) boolean -> . boolean MAKAYSSAWICH ID
    (37) boolean -> . ID YUSSAWI2 ID
    (38) boolean -> . ID MAKAYSSAWICH ID
    (39) boolean -> . boolean YUSSAWI2 boolean
    (40) boolean -> . boolean MAKAYSSAWICH boolean
    (41) boolean -> . expression YUSSAWI2 expression
    (42) boolean -> . expression MAKAYSSAWICH expression
    (43) boolean -> . expression KTERMN expression
    (44) boolean -> . expression 9ELMN expression
    (45) boolean -> . expression KTERYUSSAWI expression
    (46) boolean -> . expression 9ELYUSSAWI expression
    (19) expression -> . 7EL9AWESS expression SED9AWESS
    (20) expression -> . expression ZA2ID term
    (21) expression -> . expression NA9ISS term
    (22) expression -> . term
    (23) term -> . term BA9IL9ISSMA factor
    (24) term -> . term DREB factor
    (25) term -> . term 9SSEM factor
    (26) term -> . ID
    (27) term -> . factor
    (28) factor -> . 7EL9AWESS expression SED9AWESS
    (29) factor -> . RA9M

    ID              shift and go to state 69
    S7I7            shift and go to state 22
    GHALAT          shift and go to state 23
    7EL9AWESS       shift and go to state 20
    RA9M            shift and go to state 28

    boolean                        shift and go to state 68
    expression                     shift and go to state 25
    term                           shift and go to state 26
    factor                         shift and go to state 27

state 45

    (36) boolean -> boolean MAKAYSSAWICH . ID
    (40) boolean -> boolean MAKAYSSAWICH . boolean
    (30) boolean -> . S7I7
    (31) boolean -> . GHALAT
    (32) boolean -> . ID YUSSAWI2 boolean
    (33) boolean -> . ID YUSSAWI2 expression
    (34) boolean -> . ID MAKAYSSAWICH boolean
    (35) boolean -> . boolean YUSSAWI2 ID
    (36) boolean -> . boolean MAKAYSSAWICH ID
    (37) boolean -> . ID YUSSAWI2 ID
    (38) boolean -> . ID MAKAYSSAWICH ID
    (39) boolean -> . boolean YUSSAWI2 boolean
    (40) boolean -> . boolean MAKAYSSAWICH boolean
    (41) boolean -> . expression YUSSAWI2 expression
    (42) boolean -> . expression MAKAYSSAWICH expression
    (43) boolean -> . expression KTERMN expression
    (44) boolean -> . expression 9ELMN expression
    (45) boolean -> . expression KTERYUSSAWI expression
    (46) boolean -> . expression 9ELYUSSAWI expression
    (19) expression -> . 7EL9AWESS expression SED9AWESS
    (20) expression -> . expression ZA2ID term
    (21) expression -> . expression NA9ISS term
    (22) expression -> . term
    (23) term -> . term BA9IL9ISSMA factor
    (24) term -> . term DREB factor
    (25) term -> . term 9SSEM factor
    (26) term -> . ID
    (27) term -> . factor
    (28) factor -> . 7EL9AWESS expression SED9AWESS
    (29) factor -> . RA9M

    ID              shift and go to state 71
    S7I7            shift and go to state 22
    GHALAT          shift and go to state 23
    7EL9AWESS       shift and go to state 20
    RA9M            shift and go to state 28

    boolean                        shift and go to state 70
    expression                     shift and go to state 25
    term                           shift and go to state 26
    factor                         shift and go to state 27

state 46

    (32) boolean -> ID YUSSAWI2 . boolean
    (33) boolean -> ID YUSSAWI2 . expression
    (37) boolean -> ID YUSSAWI2 . ID
    (30) boolean -> . S7I7
    (31) boolean -> . GHALAT
    (32) boolean -> . ID YUSSAWI2 boolean
    (33) boolean -> . ID YUSSAWI2 expression
    (34) boolean -> . ID MAKAYSSAWICH boolean
    (35) boolean -> . boolean YUSSAWI2 ID
    (36) boolean -> . boolean MAKAYSSAWICH ID
    (37) boolean -> . ID YUSSAWI2 ID
    (38) boolean -> . ID MAKAYSSAWICH ID
    (39) boolean -> . boolean YUSSAWI2 boolean
    (40) boolean -> . boolean MAKAYSSAWICH boolean
    (41) boolean -> . expression YUSSAWI2 expression
    (42) boolean -> . expression MAKAYSSAWICH expression
    (43) boolean -> . expression KTERMN expression
    (44) boolean -> . expression 9ELMN expression
    (45) boolean -> . expression KTERYUSSAWI expression
    (46) boolean -> . expression 9ELYUSSAWI expression
    (19) expression -> . 7EL9AWESS expression SED9AWESS
    (20) expression -> . expression ZA2ID term
    (21) expression -> . expression NA9ISS term
    (22) expression -> . term
    (23) term -> . term BA9IL9ISSMA factor
    (24) term -> . term DREB factor
    (25) term -> . term 9SSEM factor
    (26) term -> . ID
    (27) term -> . factor
    (28) factor -> . 7EL9AWESS expression SED9AWESS
    (29) factor -> . RA9M

    ID              shift and go to state 72
    S7I7            shift and go to state 22
    GHALAT          shift and go to state 23
    7EL9AWESS       shift and go to state 20
    RA9M            shift and go to state 28

    boolean                        shift and go to state 73
    expression                     shift and go to state 74
    term                           shift and go to state 26
    factor                         shift and go to state 27

state 47

    (34) boolean -> ID MAKAYSSAWICH . boolean
    (38) boolean -> ID MAKAYSSAWICH . ID
    (30) boolean -> . S7I7
    (31) boolean -> . GHALAT
    (32) boolean -> . ID YUSSAWI2 boolean
    (33) boolean -> . ID YUSSAWI2 expression
    (34) boolean -> . ID MAKAYSSAWICH boolean
    (35) boolean -> . boolean YUSSAWI2 ID
    (36) boolean -> . boolean MAKAYSSAWICH ID
    (37) boolean -> . ID YUSSAWI2 ID
    (38) boolean -> . ID MAKAYSSAWICH ID
    (39) boolean -> . boolean YUSSAWI2 boolean
    (40) boolean -> . boolean MAKAYSSAWICH boolean
    (41) boolean -> . expression YUSSAWI2 expression
    (42) boolean -> . expression MAKAYSSAWICH expression
    (43) boolean -> . expression KTERMN expression
    (44) boolean -> . expression 9ELMN expression
    (45) boolean -> . expression KTERYUSSAWI expression
    (46) boolean -> . expression 9ELYUSSAWI expression
    (19) expression -> . 7EL9AWESS expression SED9AWESS
    (20) expression -> . expression ZA2ID term
    (21) expression -> . expression NA9ISS term
    (22) expression -> . term
    (23) term -> . term BA9IL9ISSMA factor
    (24) term -> . term DREB factor
    (25) term -> . term 9SSEM factor
    (26) term -> . ID
    (27) term -> . factor
    (28) factor -> . 7EL9AWESS expression SED9AWESS
    (29) factor -> . RA9M

    ID              shift and go to state 75
    S7I7            shift and go to state 22
    GHALAT          shift and go to state 23
    7EL9AWESS       shift and go to state 20
    RA9M            shift and go to state 28

    boolean                        shift and go to state 76
    expression                     shift and go to state 25
    term                           shift and go to state 26
    factor                         shift and go to state 27

state 48

    (41) boolean -> expression YUSSAWI2 . expression
    (19) expression -> . 7EL9AWESS expression SED9AWESS
    (20) expression -> . expression ZA2ID term
    (21) expression -> . expression NA9ISS term
    (22) expression -> . term
    (23) term -> . term BA9IL9ISSMA factor
    (24) term -> . term DREB factor
    (25) term -> . term 9SSEM factor
    (26) term -> . ID
    (27) term -> . factor
    (28) factor -> . 7EL9AWESS expression SED9AWESS
    (29) factor -> . RA9M

    7EL9AWESS       shift and go to state 20
    ID              shift and go to state 34
    RA9M            shift and go to state 28

    expression                     shift and go to state 77
    term                           shift and go to state 26
    factor                         shift and go to state 27

state 49

    (42) boolean -> expression MAKAYSSAWICH . expression
    (19) expression -> . 7EL9AWESS expression SED9AWESS
    (20) expression -> . expression ZA2ID term
    (21) expression -> . expression NA9ISS term
    (22) expression -> . term
    (23) term -> . term BA9IL9ISSMA factor
    (24) term -> . term DREB factor
    (25) term -> . term 9SSEM factor
    (26) term -> . ID
    (27) term -> . factor
    (28) factor -> . 7EL9AWESS expression SED9AWESS
    (29) factor -> . RA9M

    7EL9AWESS       shift and go to state 20
    ID              shift and go to state 34
    RA9M            shift and go to state 28

    expression                     shift and go to state 78
    term                           shift and go to state 26
    factor                         shift and go to state 27

state 50

    (43) boolean -> expression KTERMN . expression
    (19) expression -> . 7EL9AWESS expression SED9AWESS
    (20) expression -> . expression ZA2ID term
    (21) expression -> . expression NA9ISS term
    (22) expression -> . term
    (23) term -> . term BA9IL9ISSMA factor
    (24) term -> . term DREB factor
    (25) term -> . term 9SSEM factor
    (26) term -> . ID
    (27) term -> . factor
    (28) factor -> . 7EL9AWESS expression SED9AWESS
    (29) factor -> . RA9M

    7EL9AWESS       shift and go to state 20
    ID              shift and go to state 34
    RA9M            shift and go to state 28

    expression                     shift and go to state 79
    term                           shift and go to state 26
    factor                         shift and go to state 27

state 51

    (44) boolean -> expression 9ELMN . expression
    (19) expression -> . 7EL9AWESS expression SED9AWESS
    (20) expression -> . expression ZA2ID term
    (21) expression -> . expression NA9ISS term
    (22) expression -> . term
    (23) term -> . term BA9IL9ISSMA factor
    (24) term -> . term DREB factor
    (25) term -> . term 9SSEM factor
    (26) term -> . ID
    (27) term -> . factor
    (28) factor -> . 7EL9AWESS expression SED9AWESS
    (29) factor -> . RA9M

    7EL9AWESS       shift and go to state 20
    ID              shift and go to state 34
    RA9M            shift and go to state 28

    expression                     shift and go to state 80
    term                           shift and go to state 26
    factor                         shift and go to state 27

state 52

    (45) boolean -> expression KTERYUSSAWI . expression
    (19) expression -> . 7EL9AWESS expression SED9AWESS
    (20) expression -> . expression ZA2ID term
    (21) expression -> . expression NA9ISS term
    (22) expression -> . term
    (23) term -> . term BA9IL9ISSMA factor
    (24) term -> . term DREB factor
    (25) term -> . term 9SSEM factor
    (26) term -> . ID
    (27) term -> . factor
    (28) factor -> . 7EL9AWESS expression SED9AWESS
    (29) factor -> . RA9M

    7EL9AWESS       shift and go to state 20
    ID              shift and go to state 34
    RA9M            shift and go to state 28

    expression                     shift and go to state 81
    term                           shift and go to state 26
    factor                         shift and go to state 27

state 53

    (46) boolean -> expression 9ELYUSSAWI . expression
    (19) expression -> . 7EL9AWESS expression SED9AWESS
    (20) expression -> . expression ZA2ID term
    (21) expression -> . expression NA9ISS term
    (22) expression -> . term
    (23) term -> . term BA9IL9ISSMA factor
    (24) term -> . term DREB factor
    (25) term -> . term 9SSEM factor
    (26) term -> . ID
    (27) term -> . factor
    (28) factor -> . 7EL9AWESS expression SED9AWESS
    (29) factor -> . RA9M

    7EL9AWESS       shift and go to state 20
    ID              shift and go to state 34
    RA9M            shift and go to state 28

    expression                     shift and go to state 82
    term                           shift and go to state 26
    factor                         shift and go to state 27

state 54

    (20) expression -> expression ZA2ID . term
    (23) term -> . term BA9IL9ISSMA factor
    (24) term -> . term DREB factor
    (25) term -> . term 9SSEM factor
    (26) term -> . ID
    (27) term -> . factor
    (28) factor -> . 7EL9AWESS expression SED9AWESS
    (29) factor -> . RA9M

    ID              shift and go to state 34
    7EL9AWESS       shift and go to state 84
    RA9M            shift and go to state 28

    term                           shift and go to state 83
    factor                         shift and go to state 27

state 55

    (21) expression -> expression NA9ISS . term
    (23) term -> . term BA9IL9ISSMA factor
    (24) term -> . term DREB factor
    (25) term -> . term 9SSEM factor
    (26) term -> . ID
    (27) term -> . factor
    (28) factor -> . 7EL9AWESS expression SED9AWESS
    (29) factor -> . RA9M

    ID              shift and go to state 34
    7EL9AWESS       shift and go to state 84
    RA9M            shift and go to state 28

    term                           shift and go to state 85
    factor                         shift and go to state 27

state 56

    (23) term -> term BA9IL9ISSMA . factor
    (28) factor -> . 7EL9AWESS expression SED9AWESS
    (29) factor -> . RA9M

    7EL9AWESS       shift and go to state 84
    RA9M            shift and go to state 28

    factor                         shift and go to state 86

state 57

    (24) term -> term DREB . factor
    (28) factor -> . 7EL9AWESS expression SED9AWESS
    (29) factor -> . RA9M

    7EL9AWESS       shift and go to state 84
    RA9M            shift and go to state 28

    factor                         shift and go to state 87

state 58

    (25) term -> term 9SSEM . factor
    (28) factor -> . 7EL9AWESS expression SED9AWESS
    (29) factor -> . RA9M

    7EL9AWESS       shift and go to state 84
    RA9M            shift and go to state 28

    factor                         shift and go to state 88

state 59

    (18) statement -> MADAM 7EL9AWESS boolean SED9AWESS . 7ELLAMA statements SEDLAMA

    7ELLAMA         shift and go to state 89


state 60

    (5) assignement -> ID TUSSAWI expression_string NO9TAFASSILA .

    ILA             reduce using rule 5 (assignement -> ID TUSSAWI expression_string NO9TAFASSILA .)
    MADAM           reduce using rule 5 (assignement -> ID TUSSAWI expression_string NO9TAFASSILA .)
    ID              reduce using rule 5 (assignement -> ID TUSSAWI expression_string NO9TAFASSILA .)
    KTEB            reduce using rule 5 (assignement -> ID TUSSAWI expression_string NO9TAFASSILA .)
    $end            reduce using rule 5 (assignement -> ID TUSSAWI expression_string NO9TAFASSILA .)
    SEDLAMA         reduce using rule 5 (assignement -> ID TUSSAWI expression_string NO9TAFASSILA .)


state 61

    (6) assignement -> ID ZIDFIH expression NO9TAFASSILA .

    ILA             reduce using rule 6 (assignement -> ID ZIDFIH expression NO9TAFASSILA .)
    MADAM           reduce using rule 6 (assignement -> ID ZIDFIH expression NO9TAFASSILA .)
    ID              reduce using rule 6 (assignement -> ID ZIDFIH expression NO9TAFASSILA .)
    KTEB            reduce using rule 6 (assignement -> ID ZIDFIH expression NO9TAFASSILA .)
    $end            reduce using rule 6 (assignement -> ID ZIDFIH expression NO9TAFASSILA .)
    SEDLAMA         reduce using rule 6 (assignement -> ID ZIDFIH expression NO9TAFASSILA .)


state 62

    (7) assignement -> ID N9ESSFIH expression NO9TAFASSILA .

    ILA             reduce using rule 7 (assignement -> ID N9ESSFIH expression NO9TAFASSILA .)
    MADAM           reduce using rule 7 (assignement -> ID N9ESSFIH expression NO9TAFASSILA .)
    ID              reduce using rule 7 (assignement -> ID N9ESSFIH expression NO9TAFASSILA .)
    KTEB            reduce using rule 7 (assignement -> ID N9ESSFIH expression NO9TAFASSILA .)
    $end            reduce using rule 7 (assignement -> ID N9ESSFIH expression NO9TAFASSILA .)
    SEDLAMA         reduce using rule 7 (assignement -> ID N9ESSFIH expression NO9TAFASSILA .)


state 63

    (8) assignement -> ID DREBFIH expression NO9TAFASSILA .

    ILA             reduce using rule 8 (assignement -> ID DREBFIH expression NO9TAFASSILA .)
    MADAM           reduce using rule 8 (assignement -> ID DREBFIH expression NO9TAFASSILA .)
    ID              reduce using rule 8 (assignement -> ID DREBFIH expression NO9TAFASSILA .)
    KTEB            reduce using rule 8 (assignement -> ID DREBFIH expression NO9TAFASSILA .)
    $end            reduce using rule 8 (assignement -> ID DREBFIH expression NO9TAFASSILA .)
    SEDLAMA         reduce using rule 8 (assignement -> ID DREBFIH expression NO9TAFASSILA .)


state 64

    (9) assignement -> ID 9SSEMFIH expression NO9TAFASSILA .

    ILA             reduce using rule 9 (assignement -> ID 9SSEMFIH expression NO9TAFASSILA .)
    MADAM           reduce using rule 9 (assignement -> ID 9SSEMFIH expression NO9TAFASSILA .)
    ID              reduce using rule 9 (assignement -> ID 9SSEMFIH expression NO9TAFASSILA .)
    KTEB            reduce using rule 9 (assignement -> ID 9SSEMFIH expression NO9TAFASSILA .)
    $end            reduce using rule 9 (assignement -> ID 9SSEMFIH expression NO9TAFASSILA .)
    SEDLAMA         reduce using rule 9 (assignement -> ID 9SSEMFIH expression NO9TAFASSILA .)


state 65

    (15) printing -> KTEB 7EL9AWESS expression_string SED9AWESS . NO9TAFASSILA

    NO9TAFASSILA    shift and go to state 90


state 66

    (19) expression -> 7EL9AWESS expression SED9AWESS .
    (28) factor -> 7EL9AWESS expression SED9AWESS .

  ! reduce/reduce conflict for YUSSAWI2 resolved using rule 19 (expression -> 7EL9AWESS expression SED9AWESS .)
  ! reduce/reduce conflict for MAKAYSSAWICH resolved using rule 19 (expression -> 7EL9AWESS expression SED9AWESS .)
  ! reduce/reduce conflict for KTERMN resolved using rule 19 (expression -> 7EL9AWESS expression SED9AWESS .)
  ! reduce/reduce conflict for 9ELMN resolved using rule 19 (expression -> 7EL9AWESS expression SED9AWESS .)
  ! reduce/reduce conflict for KTERYUSSAWI resolved using rule 19 (expression -> 7EL9AWESS expression SED9AWESS .)
  ! reduce/reduce conflict for 9ELYUSSAWI resolved using rule 19 (expression -> 7EL9AWESS expression SED9AWESS .)
  ! reduce/reduce conflict for ZA2ID resolved using rule 19 (expression -> 7EL9AWESS expression SED9AWESS .)
  ! reduce/reduce conflict for NA9ISS resolved using rule 19 (expression -> 7EL9AWESS expression SED9AWESS .)
  ! reduce/reduce conflict for NO9TAFASSILA resolved using rule 19 (expression -> 7EL9AWESS expression SED9AWESS .)
  ! reduce/reduce conflict for SED9AWESS resolved using rule 19 (expression -> 7EL9AWESS expression SED9AWESS .)
    YUSSAWI2        reduce using rule 19 (expression -> 7EL9AWESS expression SED9AWESS .)
    MAKAYSSAWICH    reduce using rule 19 (expression -> 7EL9AWESS expression SED9AWESS .)
    KTERMN          reduce using rule 19 (expression -> 7EL9AWESS expression SED9AWESS .)
    9ELMN           reduce using rule 19 (expression -> 7EL9AWESS expression SED9AWESS .)
    KTERYUSSAWI     reduce using rule 19 (expression -> 7EL9AWESS expression SED9AWESS .)
    9ELYUSSAWI      reduce using rule 19 (expression -> 7EL9AWESS expression SED9AWESS .)
    ZA2ID           reduce using rule 19 (expression -> 7EL9AWESS expression SED9AWESS .)
    NA9ISS          reduce using rule 19 (expression -> 7EL9AWESS expression SED9AWESS .)
    NO9TAFASSILA    reduce using rule 19 (expression -> 7EL9AWESS expression SED9AWESS .)
    SED9AWESS       reduce using rule 19 (expression -> 7EL9AWESS expression SED9AWESS .)
    BA9IL9ISSMA     reduce using rule 28 (factor -> 7EL9AWESS expression SED9AWESS .)
    DREB            reduce using rule 28 (factor -> 7EL9AWESS expression SED9AWESS .)
    9SSEM           reduce using rule 28 (factor -> 7EL9AWESS expression SED9AWESS .)

  ! YUSSAWI2        [ reduce using rule 28 (factor -> 7EL9AWESS expression SED9AWESS .) ]
  ! MAKAYSSAWICH    [ reduce using rule 28 (factor -> 7EL9AWESS expression SED9AWESS .) ]
  ! KTERMN          [ reduce using rule 28 (factor -> 7EL9AWESS expression SED9AWESS .) ]
  ! 9ELMN           [ reduce using rule 28 (factor -> 7EL9AWESS expression SED9AWESS .) ]
  ! KTERYUSSAWI     [ reduce using rule 28 (factor -> 7EL9AWESS expression SED9AWESS .) ]
  ! 9ELYUSSAWI      [ reduce using rule 28 (factor -> 7EL9AWESS expression SED9AWESS .) ]
  ! ZA2ID           [ reduce using rule 28 (factor -> 7EL9AWESS expression SED9AWESS .) ]
  ! NA9ISS          [ reduce using rule 28 (factor -> 7EL9AWESS expression SED9AWESS .) ]
  ! NO9TAFASSILA    [ reduce using rule 28 (factor -> 7EL9AWESS expression SED9AWESS .) ]
  ! SED9AWESS       [ reduce using rule 28 (factor -> 7EL9AWESS expression SED9AWESS .) ]


state 67

    (16) statement -> ILA 7EL9AWESS boolean SED9AWESS 7ELLAMA . statements SEDLAMA
    (17) statement -> ILA 7EL9AWESS boolean SED9AWESS 7ELLAMA . statement SEDLAMA MANGHIRDAKCHI 7ELLAMA statement SEDLAMA
    (1) statements -> . statements statement
    (2) statements -> . statement
    (3) statement -> . assignement
    (4) statement -> . printing
    (16) statement -> . ILA 7EL9AWESS boolean SED9AWESS 7ELLAMA statements SEDLAMA
    (17) statement -> . ILA 7EL9AWESS boolean SED9AWESS 7ELLAMA statement SEDLAMA MANGHIRDAKCHI 7ELLAMA statement SEDLAMA
    (18) statement -> . MADAM 7EL9AWESS boolean SED9AWESS 7ELLAMA statements SEDLAMA
    (5) assignement -> . ID TUSSAWI expression_string NO9TAFASSILA
    (6) assignement -> . ID ZIDFIH expression NO9TAFASSILA
    (7) assignement -> . ID N9ESSFIH expression NO9TAFASSILA
    (8) assignement -> . ID DREBFIH expression NO9TAFASSILA
    (9) assignement -> . ID 9SSEMFIH expression NO9TAFASSILA
    (10) assignement -> . ID ZIDWA7ED NO9TAFASSILA
    (11) assignement -> . ID N9ESSWA7ED NO9TAFASSILA
    (15) printing -> . KTEB 7EL9AWESS expression_string SED9AWESS NO9TAFASSILA

    ILA             shift and go to state 5
    MADAM           shift and go to state 6
    ID              shift and go to state 7
    KTEB            shift and go to state 8

    statements                     shift and go to state 91
    statement                      shift and go to state 92
    assignement                    shift and go to state 3
    printing                       shift and go to state 4

state 68

    (39) boolean -> boolean YUSSAWI2 boolean .
    (35) boolean -> boolean . YUSSAWI2 ID
    (36) boolean -> boolean . MAKAYSSAWICH ID
    (39) boolean -> boolean . YUSSAWI2 boolean
    (40) boolean -> boolean . MAKAYSSAWICH boolean

  ! shift/reduce conflict for YUSSAWI2 resolved as shift
  ! shift/reduce conflict for MAKAYSSAWICH resolved as shift
    SED9AWESS       reduce using rule 39 (boolean -> boolean YUSSAWI2 boolean .)
    NO9TAFASSILA    reduce using rule 39 (boolean -> boolean YUSSAWI2 boolean .)
    YUSSAWI2        shift and go to state 44
    MAKAYSSAWICH    shift and go to state 45

  ! YUSSAWI2        [ reduce using rule 39 (boolean -> boolean YUSSAWI2 boolean .) ]
  ! MAKAYSSAWICH    [ reduce using rule 39 (boolean -> boolean YUSSAWI2 boolean .) ]


state 69

    (35) boolean -> boolean YUSSAWI2 ID .
    (32) boolean -> ID . YUSSAWI2 boolean
    (33) boolean -> ID . YUSSAWI2 expression
    (34) boolean -> ID . MAKAYSSAWICH boolean
    (37) boolean -> ID . YUSSAWI2 ID
    (38) boolean -> ID . MAKAYSSAWICH ID
    (26) term -> ID .

  ! shift/reduce conflict for YUSSAWI2 resolved as shift
  ! shift/reduce conflict for MAKAYSSAWICH resolved as shift
  ! shift/reduce conflict for YUSSAWI2 resolved as shift
  ! shift/reduce conflict for MAKAYSSAWICH resolved as shift
    SED9AWESS       reduce using rule 35 (boolean -> boolean YUSSAWI2 ID .)
    NO9TAFASSILA    reduce using rule 35 (boolean -> boolean YUSSAWI2 ID .)
    YUSSAWI2        shift and go to state 46
    MAKAYSSAWICH    shift and go to state 47
    BA9IL9ISSMA     reduce using rule 26 (term -> ID .)
    DREB            reduce using rule 26 (term -> ID .)
    9SSEM           reduce using rule 26 (term -> ID .)
    KTERMN          reduce using rule 26 (term -> ID .)
    9ELMN           reduce using rule 26 (term -> ID .)
    KTERYUSSAWI     reduce using rule 26 (term -> ID .)
    9ELYUSSAWI      reduce using rule 26 (term -> ID .)
    ZA2ID           reduce using rule 26 (term -> ID .)
    NA9ISS          reduce using rule 26 (term -> ID .)

  ! YUSSAWI2        [ reduce using rule 35 (boolean -> boolean YUSSAWI2 ID .) ]
  ! MAKAYSSAWICH    [ reduce using rule 35 (boolean -> boolean YUSSAWI2 ID .) ]
  ! YUSSAWI2        [ reduce using rule 26 (term -> ID .) ]
  ! MAKAYSSAWICH    [ reduce using rule 26 (term -> ID .) ]


state 70

    (40) boolean -> boolean MAKAYSSAWICH boolean .
    (35) boolean -> boolean . YUSSAWI2 ID
    (36) boolean -> boolean . MAKAYSSAWICH ID
    (39) boolean -> boolean . YUSSAWI2 boolean
    (40) boolean -> boolean . MAKAYSSAWICH boolean

  ! shift/reduce conflict for YUSSAWI2 resolved as shift
  ! shift/reduce conflict for MAKAYSSAWICH resolved as shift
    SED9AWESS       reduce using rule 40 (boolean -> boolean MAKAYSSAWICH boolean .)
    NO9TAFASSILA    reduce using rule 40 (boolean -> boolean MAKAYSSAWICH boolean .)
    YUSSAWI2        shift and go to state 44
    MAKAYSSAWICH    shift and go to state 45

  ! YUSSAWI2        [ reduce using rule 40 (boolean -> boolean MAKAYSSAWICH boolean .) ]
  ! MAKAYSSAWICH    [ reduce using rule 40 (boolean -> boolean MAKAYSSAWICH boolean .) ]


state 71

    (36) boolean -> boolean MAKAYSSAWICH ID .
    (32) boolean -> ID . YUSSAWI2 boolean
    (33) boolean -> ID . YUSSAWI2 expression
    (34) boolean -> ID . MAKAYSSAWICH boolean
    (37) boolean -> ID . YUSSAWI2 ID
    (38) boolean -> ID . MAKAYSSAWICH ID
    (26) term -> ID .

  ! shift/reduce conflict for YUSSAWI2 resolved as shift
  ! shift/reduce conflict for MAKAYSSAWICH resolved as shift
  ! shift/reduce conflict for YUSSAWI2 resolved as shift
  ! shift/reduce conflict for MAKAYSSAWICH resolved as shift
    SED9AWESS       reduce using rule 36 (boolean -> boolean MAKAYSSAWICH ID .)
    NO9TAFASSILA    reduce using rule 36 (boolean -> boolean MAKAYSSAWICH ID .)
    YUSSAWI2        shift and go to state 46
    MAKAYSSAWICH    shift and go to state 47
    BA9IL9ISSMA     reduce using rule 26 (term -> ID .)
    DREB            reduce using rule 26 (term -> ID .)
    9SSEM           reduce using rule 26 (term -> ID .)
    KTERMN          reduce using rule 26 (term -> ID .)
    9ELMN           reduce using rule 26 (term -> ID .)
    KTERYUSSAWI     reduce using rule 26 (term -> ID .)
    9ELYUSSAWI      reduce using rule 26 (term -> ID .)
    ZA2ID           reduce using rule 26 (term -> ID .)
    NA9ISS          reduce using rule 26 (term -> ID .)

  ! YUSSAWI2        [ reduce using rule 36 (boolean -> boolean MAKAYSSAWICH ID .) ]
  ! MAKAYSSAWICH    [ reduce using rule 36 (boolean -> boolean MAKAYSSAWICH ID .) ]
  ! YUSSAWI2        [ reduce using rule 26 (term -> ID .) ]
  ! MAKAYSSAWICH    [ reduce using rule 26 (term -> ID .) ]


state 72

    (37) boolean -> ID YUSSAWI2 ID .
    (32) boolean -> ID . YUSSAWI2 boolean
    (33) boolean -> ID . YUSSAWI2 expression
    (34) boolean -> ID . MAKAYSSAWICH boolean
    (37) boolean -> ID . YUSSAWI2 ID
    (38) boolean -> ID . MAKAYSSAWICH ID
    (26) term -> ID .

  ! shift/reduce conflict for YUSSAWI2 resolved as shift
  ! shift/reduce conflict for MAKAYSSAWICH resolved as shift
  ! shift/reduce conflict for YUSSAWI2 resolved as shift
  ! shift/reduce conflict for MAKAYSSAWICH resolved as shift
  ! reduce/reduce conflict for SED9AWESS resolved using rule 26 (term -> ID .)
  ! reduce/reduce conflict for NO9TAFASSILA resolved using rule 26 (term -> ID .)
    YUSSAWI2        shift and go to state 46
    MAKAYSSAWICH    shift and go to state 47
    BA9IL9ISSMA     reduce using rule 26 (term -> ID .)
    DREB            reduce using rule 26 (term -> ID .)
    9SSEM           reduce using rule 26 (term -> ID .)
    KTERMN          reduce using rule 26 (term -> ID .)
    9ELMN           reduce using rule 26 (term -> ID .)
    KTERYUSSAWI     reduce using rule 26 (term -> ID .)
    9ELYUSSAWI      reduce using rule 26 (term -> ID .)
    ZA2ID           reduce using rule 26 (term -> ID .)
    NA9ISS          reduce using rule 26 (term -> ID .)
    SED9AWESS       reduce using rule 26 (term -> ID .)
    NO9TAFASSILA    reduce using rule 26 (term -> ID .)

  ! SED9AWESS       [ reduce using rule 37 (boolean -> ID YUSSAWI2 ID .) ]
  ! YUSSAWI2        [ reduce using rule 37 (boolean -> ID YUSSAWI2 ID .) ]
  ! MAKAYSSAWICH    [ reduce using rule 37 (boolean -> ID YUSSAWI2 ID .) ]
  ! NO9TAFASSILA    [ reduce using rule 37 (boolean -> ID YUSSAWI2 ID .) ]
  ! YUSSAWI2        [ reduce using rule 26 (term -> ID .) ]
  ! MAKAYSSAWICH    [ reduce using rule 26 (term -> ID .) ]


state 73

    (32) boolean -> ID YUSSAWI2 boolean .
    (35) boolean -> boolean . YUSSAWI2 ID
    (36) boolean -> boolean . MAKAYSSAWICH ID
    (39) boolean -> boolean . YUSSAWI2 boolean
    (40) boolean -> boolean . MAKAYSSAWICH boolean

  ! shift/reduce conflict for YUSSAWI2 resolved as shift
  ! shift/reduce conflict for MAKAYSSAWICH resolved as shift
    SED9AWESS       reduce using rule 32 (boolean -> ID YUSSAWI2 boolean .)
    NO9TAFASSILA    reduce using rule 32 (boolean -> ID YUSSAWI2 boolean .)
    YUSSAWI2        shift and go to state 44
    MAKAYSSAWICH    shift and go to state 45

  ! YUSSAWI2        [ reduce using rule 32 (boolean -> ID YUSSAWI2 boolean .) ]
  ! MAKAYSSAWICH    [ reduce using rule 32 (boolean -> ID YUSSAWI2 boolean .) ]


state 74

    (33) boolean -> ID YUSSAWI2 expression .
    (41) boolean -> expression . YUSSAWI2 expression
    (42) boolean -> expression . MAKAYSSAWICH expression
    (43) boolean -> expression . KTERMN expression
    (44) boolean -> expression . 9ELMN expression
    (45) boolean -> expression . KTERYUSSAWI expression
    (46) boolean -> expression . 9ELYUSSAWI expression
    (20) expression -> expression . ZA2ID term
    (21) expression -> expression . NA9ISS term

  ! shift/reduce conflict for YUSSAWI2 resolved as shift
  ! shift/reduce conflict for MAKAYSSAWICH resolved as shift
    SED9AWESS       reduce using rule 33 (boolean -> ID YUSSAWI2 expression .)
    NO9TAFASSILA    reduce using rule 33 (boolean -> ID YUSSAWI2 expression .)
    YUSSAWI2        shift and go to state 48
    MAKAYSSAWICH    shift and go to state 49
    KTERMN          shift and go to state 50
    9ELMN           shift and go to state 51
    KTERYUSSAWI     shift and go to state 52
    9ELYUSSAWI      shift and go to state 53
    ZA2ID           shift and go to state 54
    NA9ISS          shift and go to state 55

  ! YUSSAWI2        [ reduce using rule 33 (boolean -> ID YUSSAWI2 expression .) ]
  ! MAKAYSSAWICH    [ reduce using rule 33 (boolean -> ID YUSSAWI2 expression .) ]


state 75

    (38) boolean -> ID MAKAYSSAWICH ID .
    (32) boolean -> ID . YUSSAWI2 boolean
    (33) boolean -> ID . YUSSAWI2 expression
    (34) boolean -> ID . MAKAYSSAWICH boolean
    (37) boolean -> ID . YUSSAWI2 ID
    (38) boolean -> ID . MAKAYSSAWICH ID
    (26) term -> ID .

  ! shift/reduce conflict for YUSSAWI2 resolved as shift
  ! shift/reduce conflict for MAKAYSSAWICH resolved as shift
  ! shift/reduce conflict for YUSSAWI2 resolved as shift
  ! shift/reduce conflict for MAKAYSSAWICH resolved as shift
    SED9AWESS       reduce using rule 38 (boolean -> ID MAKAYSSAWICH ID .)
    NO9TAFASSILA    reduce using rule 38 (boolean -> ID MAKAYSSAWICH ID .)
    YUSSAWI2        shift and go to state 46
    MAKAYSSAWICH    shift and go to state 47
    BA9IL9ISSMA     reduce using rule 26 (term -> ID .)
    DREB            reduce using rule 26 (term -> ID .)
    9SSEM           reduce using rule 26 (term -> ID .)
    KTERMN          reduce using rule 26 (term -> ID .)
    9ELMN           reduce using rule 26 (term -> ID .)
    KTERYUSSAWI     reduce using rule 26 (term -> ID .)
    9ELYUSSAWI      reduce using rule 26 (term -> ID .)
    ZA2ID           reduce using rule 26 (term -> ID .)
    NA9ISS          reduce using rule 26 (term -> ID .)

  ! YUSSAWI2        [ reduce using rule 38 (boolean -> ID MAKAYSSAWICH ID .) ]
  ! MAKAYSSAWICH    [ reduce using rule 38 (boolean -> ID MAKAYSSAWICH ID .) ]
  ! YUSSAWI2        [ reduce using rule 26 (term -> ID .) ]
  ! MAKAYSSAWICH    [ reduce using rule 26 (term -> ID .) ]


state 76

    (34) boolean -> ID MAKAYSSAWICH boolean .
    (35) boolean -> boolean . YUSSAWI2 ID
    (36) boolean -> boolean . MAKAYSSAWICH ID
    (39) boolean -> boolean . YUSSAWI2 boolean
    (40) boolean -> boolean . MAKAYSSAWICH boolean

  ! shift/reduce conflict for YUSSAWI2 resolved as shift
  ! shift/reduce conflict for MAKAYSSAWICH resolved as shift
    SED9AWESS       reduce using rule 34 (boolean -> ID MAKAYSSAWICH boolean .)
    NO9TAFASSILA    reduce using rule 34 (boolean -> ID MAKAYSSAWICH boolean .)
    YUSSAWI2        shift and go to state 44
    MAKAYSSAWICH    shift and go to state 45

  ! YUSSAWI2        [ reduce using rule 34 (boolean -> ID MAKAYSSAWICH boolean .) ]
  ! MAKAYSSAWICH    [ reduce using rule 34 (boolean -> ID MAKAYSSAWICH boolean .) ]


state 77

    (41) boolean -> expression YUSSAWI2 expression .
    (20) expression -> expression . ZA2ID term
    (21) expression -> expression . NA9ISS term

    SED9AWESS       reduce using rule 41 (boolean -> expression YUSSAWI2 expression .)
    YUSSAWI2        reduce using rule 41 (boolean -> expression YUSSAWI2 expression .)
    MAKAYSSAWICH    reduce using rule 41 (boolean -> expression YUSSAWI2 expression .)
    NO9TAFASSILA    reduce using rule 41 (boolean -> expression YUSSAWI2 expression .)
    ZA2ID           shift and go to state 54
    NA9ISS          shift and go to state 55


state 78

    (42) boolean -> expression MAKAYSSAWICH expression .
    (20) expression -> expression . ZA2ID term
    (21) expression -> expression . NA9ISS term

    SED9AWESS       reduce using rule 42 (boolean -> expression MAKAYSSAWICH expression .)
    YUSSAWI2        reduce using rule 42 (boolean -> expression MAKAYSSAWICH expression .)
    MAKAYSSAWICH    reduce using rule 42 (boolean -> expression MAKAYSSAWICH expression .)
    NO9TAFASSILA    reduce using rule 42 (boolean -> expression MAKAYSSAWICH expression .)
    ZA2ID           shift and go to state 54
    NA9ISS          shift and go to state 55


state 79

    (43) boolean -> expression KTERMN expression .
    (20) expression -> expression . ZA2ID term
    (21) expression -> expression . NA9ISS term

    SED9AWESS       reduce using rule 43 (boolean -> expression KTERMN expression .)
    YUSSAWI2        reduce using rule 43 (boolean -> expression KTERMN expression .)
    MAKAYSSAWICH    reduce using rule 43 (boolean -> expression KTERMN expression .)
    NO9TAFASSILA    reduce using rule 43 (boolean -> expression KTERMN expression .)
    ZA2ID           shift and go to state 54
    NA9ISS          shift and go to state 55


state 80

    (44) boolean -> expression 9ELMN expression .
    (20) expression -> expression . ZA2ID term
    (21) expression -> expression . NA9ISS term

    SED9AWESS       reduce using rule 44 (boolean -> expression 9ELMN expression .)
    YUSSAWI2        reduce using rule 44 (boolean -> expression 9ELMN expression .)
    MAKAYSSAWICH    reduce using rule 44 (boolean -> expression 9ELMN expression .)
    NO9TAFASSILA    reduce using rule 44 (boolean -> expression 9ELMN expression .)
    ZA2ID           shift and go to state 54
    NA9ISS          shift and go to state 55


state 81

    (45) boolean -> expression KTERYUSSAWI expression .
    (20) expression -> expression . ZA2ID term
    (21) expression -> expression . NA9ISS term

    SED9AWESS       reduce using rule 45 (boolean -> expression KTERYUSSAWI expression .)
    YUSSAWI2        reduce using rule 45 (boolean -> expression KTERYUSSAWI expression .)
    MAKAYSSAWICH    reduce using rule 45 (boolean -> expression KTERYUSSAWI expression .)
    NO9TAFASSILA    reduce using rule 45 (boolean -> expression KTERYUSSAWI expression .)
    ZA2ID           shift and go to state 54
    NA9ISS          shift and go to state 55


state 82

    (46) boolean -> expression 9ELYUSSAWI expression .
    (20) expression -> expression . ZA2ID term
    (21) expression -> expression . NA9ISS term

    SED9AWESS       reduce using rule 46 (boolean -> expression 9ELYUSSAWI expression .)
    YUSSAWI2        reduce using rule 46 (boolean -> expression 9ELYUSSAWI expression .)
    MAKAYSSAWICH    reduce using rule 46 (boolean -> expression 9ELYUSSAWI expression .)
    NO9TAFASSILA    reduce using rule 46 (boolean -> expression 9ELYUSSAWI expression .)
    ZA2ID           shift and go to state 54
    NA9ISS          shift and go to state 55


state 83

    (20) expression -> expression ZA2ID term .
    (23) term -> term . BA9IL9ISSMA factor
    (24) term -> term . DREB factor
    (25) term -> term . 9SSEM factor

    YUSSAWI2        reduce using rule 20 (expression -> expression ZA2ID term .)
    MAKAYSSAWICH    reduce using rule 20 (expression -> expression ZA2ID term .)
    KTERMN          reduce using rule 20 (expression -> expression ZA2ID term .)
    9ELMN           reduce using rule 20 (expression -> expression ZA2ID term .)
    KTERYUSSAWI     reduce using rule 20 (expression -> expression ZA2ID term .)
    9ELYUSSAWI      reduce using rule 20 (expression -> expression ZA2ID term .)
    ZA2ID           reduce using rule 20 (expression -> expression ZA2ID term .)
    NA9ISS          reduce using rule 20 (expression -> expression ZA2ID term .)
    NO9TAFASSILA    reduce using rule 20 (expression -> expression ZA2ID term .)
    SED9AWESS       reduce using rule 20 (expression -> expression ZA2ID term .)
    BA9IL9ISSMA     shift and go to state 56
    DREB            shift and go to state 57
    9SSEM           shift and go to state 58


state 84

    (28) factor -> 7EL9AWESS . expression SED9AWESS
    (19) expression -> . 7EL9AWESS expression SED9AWESS
    (20) expression -> . expression ZA2ID term
    (21) expression -> . expression NA9ISS term
    (22) expression -> . term
    (23) term -> . term BA9IL9ISSMA factor
    (24) term -> . term DREB factor
    (25) term -> . term 9SSEM factor
    (26) term -> . ID
    (27) term -> . factor
    (28) factor -> . 7EL9AWESS expression SED9AWESS
    (29) factor -> . RA9M

    7EL9AWESS       shift and go to state 20
    ID              shift and go to state 34
    RA9M            shift and go to state 28

    expression                     shift and go to state 93
    term                           shift and go to state 26
    factor                         shift and go to state 27

state 85

    (21) expression -> expression NA9ISS term .
    (23) term -> term . BA9IL9ISSMA factor
    (24) term -> term . DREB factor
    (25) term -> term . 9SSEM factor

    YUSSAWI2        reduce using rule 21 (expression -> expression NA9ISS term .)
    MAKAYSSAWICH    reduce using rule 21 (expression -> expression NA9ISS term .)
    KTERMN          reduce using rule 21 (expression -> expression NA9ISS term .)
    9ELMN           reduce using rule 21 (expression -> expression NA9ISS term .)
    KTERYUSSAWI     reduce using rule 21 (expression -> expression NA9ISS term .)
    9ELYUSSAWI      reduce using rule 21 (expression -> expression NA9ISS term .)
    ZA2ID           reduce using rule 21 (expression -> expression NA9ISS term .)
    NA9ISS          reduce using rule 21 (expression -> expression NA9ISS term .)
    NO9TAFASSILA    reduce using rule 21 (expression -> expression NA9ISS term .)
    SED9AWESS       reduce using rule 21 (expression -> expression NA9ISS term .)
    BA9IL9ISSMA     shift and go to state 56
    DREB            shift and go to state 57
    9SSEM           shift and go to state 58


state 86

    (23) term -> term BA9IL9ISSMA factor .

    BA9IL9ISSMA     reduce using rule 23 (term -> term BA9IL9ISSMA factor .)
    DREB            reduce using rule 23 (term -> term BA9IL9ISSMA factor .)
    9SSEM           reduce using rule 23 (term -> term BA9IL9ISSMA factor .)
    YUSSAWI2        reduce using rule 23 (term -> term BA9IL9ISSMA factor .)
    MAKAYSSAWICH    reduce using rule 23 (term -> term BA9IL9ISSMA factor .)
    KTERMN          reduce using rule 23 (term -> term BA9IL9ISSMA factor .)
    9ELMN           reduce using rule 23 (term -> term BA9IL9ISSMA factor .)
    KTERYUSSAWI     reduce using rule 23 (term -> term BA9IL9ISSMA factor .)
    9ELYUSSAWI      reduce using rule 23 (term -> term BA9IL9ISSMA factor .)
    ZA2ID           reduce using rule 23 (term -> term BA9IL9ISSMA factor .)
    NA9ISS          reduce using rule 23 (term -> term BA9IL9ISSMA factor .)
    NO9TAFASSILA    reduce using rule 23 (term -> term BA9IL9ISSMA factor .)
    SED9AWESS       reduce using rule 23 (term -> term BA9IL9ISSMA factor .)


state 87

    (24) term -> term DREB factor .

    BA9IL9ISSMA     reduce using rule 24 (term -> term DREB factor .)
    DREB            reduce using rule 24 (term -> term DREB factor .)
    9SSEM           reduce using rule 24 (term -> term DREB factor .)
    YUSSAWI2        reduce using rule 24 (term -> term DREB factor .)
    MAKAYSSAWICH    reduce using rule 24 (term -> term DREB factor .)
    KTERMN          reduce using rule 24 (term -> term DREB factor .)
    9ELMN           reduce using rule 24 (term -> term DREB factor .)
    KTERYUSSAWI     reduce using rule 24 (term -> term DREB factor .)
    9ELYUSSAWI      reduce using rule 24 (term -> term DREB factor .)
    ZA2ID           reduce using rule 24 (term -> term DREB factor .)
    NA9ISS          reduce using rule 24 (term -> term DREB factor .)
    NO9TAFASSILA    reduce using rule 24 (term -> term DREB factor .)
    SED9AWESS       reduce using rule 24 (term -> term DREB factor .)


state 88

    (25) term -> term 9SSEM factor .

    BA9IL9ISSMA     reduce using rule 25 (term -> term 9SSEM factor .)
    DREB            reduce using rule 25 (term -> term 9SSEM factor .)
    9SSEM           reduce using rule 25 (term -> term 9SSEM factor .)
    YUSSAWI2        reduce using rule 25 (term -> term 9SSEM factor .)
    MAKAYSSAWICH    reduce using rule 25 (term -> term 9SSEM factor .)
    KTERMN          reduce using rule 25 (term -> term 9SSEM factor .)
    9ELMN           reduce using rule 25 (term -> term 9SSEM factor .)
    KTERYUSSAWI     reduce using rule 25 (term -> term 9SSEM factor .)
    9ELYUSSAWI      reduce using rule 25 (term -> term 9SSEM factor .)
    ZA2ID           reduce using rule 25 (term -> term 9SSEM factor .)
    NA9ISS          reduce using rule 25 (term -> term 9SSEM factor .)
    NO9TAFASSILA    reduce using rule 25 (term -> term 9SSEM factor .)
    SED9AWESS       reduce using rule 25 (term -> term 9SSEM factor .)


state 89

    (18) statement -> MADAM 7EL9AWESS boolean SED9AWESS 7ELLAMA . statements SEDLAMA
    (1) statements -> . statements statement
    (2) statements -> . statement
    (3) statement -> . assignement
    (4) statement -> . printing
    (16) statement -> . ILA 7EL9AWESS boolean SED9AWESS 7ELLAMA statements SEDLAMA
    (17) statement -> . ILA 7EL9AWESS boolean SED9AWESS 7ELLAMA statement SEDLAMA MANGHIRDAKCHI 7ELLAMA statement SEDLAMA
    (18) statement -> . MADAM 7EL9AWESS boolean SED9AWESS 7ELLAMA statements SEDLAMA
    (5) assignement -> . ID TUSSAWI expression_string NO9TAFASSILA
    (6) assignement -> . ID ZIDFIH expression NO9TAFASSILA
    (7) assignement -> . ID N9ESSFIH expression NO9TAFASSILA
    (8) assignement -> . ID DREBFIH expression NO9TAFASSILA
    (9) assignement -> . ID 9SSEMFIH expression NO9TAFASSILA
    (10) assignement -> . ID ZIDWA7ED NO9TAFASSILA
    (11) assignement -> . ID N9ESSWA7ED NO9TAFASSILA
    (15) printing -> . KTEB 7EL9AWESS expression_string SED9AWESS NO9TAFASSILA

    ILA             shift and go to state 5
    MADAM           shift and go to state 6
    ID              shift and go to state 7
    KTEB            shift and go to state 8

    statements                     shift and go to state 94
    statement                      shift and go to state 2
    assignement                    shift and go to state 3
    printing                       shift and go to state 4

state 90

    (15) printing -> KTEB 7EL9AWESS expression_string SED9AWESS NO9TAFASSILA .

    ILA             reduce using rule 15 (printing -> KTEB 7EL9AWESS expression_string SED9AWESS NO9TAFASSILA .)
    MADAM           reduce using rule 15 (printing -> KTEB 7EL9AWESS expression_string SED9AWESS NO9TAFASSILA .)
    ID              reduce using rule 15 (printing -> KTEB 7EL9AWESS expression_string SED9AWESS NO9TAFASSILA .)
    KTEB            reduce using rule 15 (printing -> KTEB 7EL9AWESS expression_string SED9AWESS NO9TAFASSILA .)
    $end            reduce using rule 15 (printing -> KTEB 7EL9AWESS expression_string SED9AWESS NO9TAFASSILA .)
    SEDLAMA         reduce using rule 15 (printing -> KTEB 7EL9AWESS expression_string SED9AWESS NO9TAFASSILA .)


state 91

    (16) statement -> ILA 7EL9AWESS boolean SED9AWESS 7ELLAMA statements . SEDLAMA
    (1) statements -> statements . statement
    (3) statement -> . assignement
    (4) statement -> . printing
    (16) statement -> . ILA 7EL9AWESS boolean SED9AWESS 7ELLAMA statements SEDLAMA
    (17) statement -> . ILA 7EL9AWESS boolean SED9AWESS 7ELLAMA statement SEDLAMA MANGHIRDAKCHI 7ELLAMA statement SEDLAMA
    (18) statement -> . MADAM 7EL9AWESS boolean SED9AWESS 7ELLAMA statements SEDLAMA
    (5) assignement -> . ID TUSSAWI expression_string NO9TAFASSILA
    (6) assignement -> . ID ZIDFIH expression NO9TAFASSILA
    (7) assignement -> . ID N9ESSFIH expression NO9TAFASSILA
    (8) assignement -> . ID DREBFIH expression NO9TAFASSILA
    (9) assignement -> . ID 9SSEMFIH expression NO9TAFASSILA
    (10) assignement -> . ID ZIDWA7ED NO9TAFASSILA
    (11) assignement -> . ID N9ESSWA7ED NO9TAFASSILA
    (15) printing -> . KTEB 7EL9AWESS expression_string SED9AWESS NO9TAFASSILA

    SEDLAMA         shift and go to state 95
    ILA             shift and go to state 5
    MADAM           shift and go to state 6
    ID              shift and go to state 7
    KTEB            shift and go to state 8

    statement                      shift and go to state 9
    assignement                    shift and go to state 3
    printing                       shift and go to state 4

state 92

    (17) statement -> ILA 7EL9AWESS boolean SED9AWESS 7ELLAMA statement . SEDLAMA MANGHIRDAKCHI 7ELLAMA statement SEDLAMA
    (2) statements -> statement .

  ! shift/reduce conflict for SEDLAMA resolved as shift
    SEDLAMA         shift and go to state 96
    ILA             reduce using rule 2 (statements -> statement .)
    MADAM           reduce using rule 2 (statements -> statement .)
    ID              reduce using rule 2 (statements -> statement .)
    KTEB            reduce using rule 2 (statements -> statement .)

  ! SEDLAMA         [ reduce using rule 2 (statements -> statement .) ]


state 93

    (28) factor -> 7EL9AWESS expression . SED9AWESS
    (20) expression -> expression . ZA2ID term
    (21) expression -> expression . NA9ISS term

    SED9AWESS       shift and go to state 97
    ZA2ID           shift and go to state 54
    NA9ISS          shift and go to state 55


state 94

    (18) statement -> MADAM 7EL9AWESS boolean SED9AWESS 7ELLAMA statements . SEDLAMA
    (1) statements -> statements . statement
    (3) statement -> . assignement
    (4) statement -> . printing
    (16) statement -> . ILA 7EL9AWESS boolean SED9AWESS 7ELLAMA statements SEDLAMA
    (17) statement -> . ILA 7EL9AWESS boolean SED9AWESS 7ELLAMA statement SEDLAMA MANGHIRDAKCHI 7ELLAMA statement SEDLAMA
    (18) statement -> . MADAM 7EL9AWESS boolean SED9AWESS 7ELLAMA statements SEDLAMA
    (5) assignement -> . ID TUSSAWI expression_string NO9TAFASSILA
    (6) assignement -> . ID ZIDFIH expression NO9TAFASSILA
    (7) assignement -> . ID N9ESSFIH expression NO9TAFASSILA
    (8) assignement -> . ID DREBFIH expression NO9TAFASSILA
    (9) assignement -> . ID 9SSEMFIH expression NO9TAFASSILA
    (10) assignement -> . ID ZIDWA7ED NO9TAFASSILA
    (11) assignement -> . ID N9ESSWA7ED NO9TAFASSILA
    (15) printing -> . KTEB 7EL9AWESS expression_string SED9AWESS NO9TAFASSILA

    SEDLAMA         shift and go to state 98
    ILA             shift and go to state 5
    MADAM           shift and go to state 6
    ID              shift and go to state 7
    KTEB            shift and go to state 8

    statement                      shift and go to state 9
    assignement                    shift and go to state 3
    printing                       shift and go to state 4

state 95

    (16) statement -> ILA 7EL9AWESS boolean SED9AWESS 7ELLAMA statements SEDLAMA .

    ILA             reduce using rule 16 (statement -> ILA 7EL9AWESS boolean SED9AWESS 7ELLAMA statements SEDLAMA .)
    MADAM           reduce using rule 16 (statement -> ILA 7EL9AWESS boolean SED9AWESS 7ELLAMA statements SEDLAMA .)
    ID              reduce using rule 16 (statement -> ILA 7EL9AWESS boolean SED9AWESS 7ELLAMA statements SEDLAMA .)
    KTEB            reduce using rule 16 (statement -> ILA 7EL9AWESS boolean SED9AWESS 7ELLAMA statements SEDLAMA .)
    $end            reduce using rule 16 (statement -> ILA 7EL9AWESS boolean SED9AWESS 7ELLAMA statements SEDLAMA .)
    SEDLAMA         reduce using rule 16 (statement -> ILA 7EL9AWESS boolean SED9AWESS 7ELLAMA statements SEDLAMA .)


state 96

    (17) statement -> ILA 7EL9AWESS boolean SED9AWESS 7ELLAMA statement SEDLAMA . MANGHIRDAKCHI 7ELLAMA statement SEDLAMA

    MANGHIRDAKCHI   shift and go to state 99


state 97

    (28) factor -> 7EL9AWESS expression SED9AWESS .

    BA9IL9ISSMA     reduce using rule 28 (factor -> 7EL9AWESS expression SED9AWESS .)
    DREB            reduce using rule 28 (factor -> 7EL9AWESS expression SED9AWESS .)
    9SSEM           reduce using rule 28 (factor -> 7EL9AWESS expression SED9AWESS .)
    YUSSAWI2        reduce using rule 28 (factor -> 7EL9AWESS expression SED9AWESS .)
    MAKAYSSAWICH    reduce using rule 28 (factor -> 7EL9AWESS expression SED9AWESS .)
    KTERMN          reduce using rule 28 (factor -> 7EL9AWESS expression SED9AWESS .)
    9ELMN           reduce using rule 28 (factor -> 7EL9AWESS expression SED9AWESS .)
    KTERYUSSAWI     reduce using rule 28 (factor -> 7EL9AWESS expression SED9AWESS .)
    9ELYUSSAWI      reduce using rule 28 (factor -> 7EL9AWESS expression SED9AWESS .)
    ZA2ID           reduce using rule 28 (factor -> 7EL9AWESS expression SED9AWESS .)
    NA9ISS          reduce using rule 28 (factor -> 7EL9AWESS expression SED9AWESS .)
    NO9TAFASSILA    reduce using rule 28 (factor -> 7EL9AWESS expression SED9AWESS .)
    SED9AWESS       reduce using rule 28 (factor -> 7EL9AWESS expression SED9AWESS .)


state 98

    (18) statement -> MADAM 7EL9AWESS boolean SED9AWESS 7ELLAMA statements SEDLAMA .

    ILA             reduce using rule 18 (statement -> MADAM 7EL9AWESS boolean SED9AWESS 7ELLAMA statements SEDLAMA .)
    MADAM           reduce using rule 18 (statement -> MADAM 7EL9AWESS boolean SED9AWESS 7ELLAMA statements SEDLAMA .)
    ID              reduce using rule 18 (statement -> MADAM 7EL9AWESS boolean SED9AWESS 7ELLAMA statements SEDLAMA .)
    KTEB            reduce using rule 18 (statement -> MADAM 7EL9AWESS boolean SED9AWESS 7ELLAMA statements SEDLAMA .)
    $end            reduce using rule 18 (statement -> MADAM 7EL9AWESS boolean SED9AWESS 7ELLAMA statements SEDLAMA .)
    SEDLAMA         reduce using rule 18 (statement -> MADAM 7EL9AWESS boolean SED9AWESS 7ELLAMA statements SEDLAMA .)


state 99

    (17) statement -> ILA 7EL9AWESS boolean SED9AWESS 7ELLAMA statement SEDLAMA MANGHIRDAKCHI . 7ELLAMA statement SEDLAMA

    7ELLAMA         shift and go to state 100


state 100

    (17) statement -> ILA 7EL9AWESS boolean SED9AWESS 7ELLAMA statement SEDLAMA MANGHIRDAKCHI 7ELLAMA . statement SEDLAMA
    (3) statement -> . assignement
    (4) statement -> . printing
    (16) statement -> . ILA 7EL9AWESS boolean SED9AWESS 7ELLAMA statements SEDLAMA
    (17) statement -> . ILA 7EL9AWESS boolean SED9AWESS 7ELLAMA statement SEDLAMA MANGHIRDAKCHI 7ELLAMA statement SEDLAMA
    (18) statement -> . MADAM 7EL9AWESS boolean SED9AWESS 7ELLAMA statements SEDLAMA
    (5) assignement -> . ID TUSSAWI expression_string NO9TAFASSILA
    (6) assignement -> . ID ZIDFIH expression NO9TAFASSILA
    (7) assignement -> . ID N9ESSFIH expression NO9TAFASSILA
    (8) assignement -> . ID DREBFIH expression NO9TAFASSILA
    (9) assignement -> . ID 9SSEMFIH expression NO9TAFASSILA
    (10) assignement -> . ID ZIDWA7ED NO9TAFASSILA
    (11) assignement -> . ID N9ESSWA7ED NO9TAFASSILA
    (15) printing -> . KTEB 7EL9AWESS expression_string SED9AWESS NO9TAFASSILA

    ILA             shift and go to state 5
    MADAM           shift and go to state 6
    ID              shift and go to state 7
    KTEB            shift and go to state 8

    statement                      shift and go to state 101
    assignement                    shift and go to state 3
    printing                       shift and go to state 4

state 101

    (17) statement -> ILA 7EL9AWESS boolean SED9AWESS 7ELLAMA statement SEDLAMA MANGHIRDAKCHI 7ELLAMA statement . SEDLAMA

    SEDLAMA         shift and go to state 102


state 102

    (17) statement -> ILA 7EL9AWESS boolean SED9AWESS 7ELLAMA statement SEDLAMA MANGHIRDAKCHI 7ELLAMA statement SEDLAMA .

    ILA             reduce using rule 17 (statement -> ILA 7EL9AWESS boolean SED9AWESS 7ELLAMA statement SEDLAMA MANGHIRDAKCHI 7ELLAMA statement SEDLAMA .)
    MADAM           reduce using rule 17 (statement -> ILA 7EL9AWESS boolean SED9AWESS 7ELLAMA statement SEDLAMA MANGHIRDAKCHI 7ELLAMA statement SEDLAMA .)
    ID              reduce using rule 17 (statement -> ILA 7EL9AWESS boolean SED9AWESS 7ELLAMA statement SEDLAMA MANGHIRDAKCHI 7ELLAMA statement SEDLAMA .)
    KTEB            reduce using rule 17 (statement -> ILA 7EL9AWESS boolean SED9AWESS 7ELLAMA statement SEDLAMA MANGHIRDAKCHI 7ELLAMA statement SEDLAMA .)
    $end            reduce using rule 17 (statement -> ILA 7EL9AWESS boolean SED9AWESS 7ELLAMA statement SEDLAMA MANGHIRDAKCHI 7ELLAMA statement SEDLAMA .)
    SEDLAMA         reduce using rule 17 (statement -> ILA 7EL9AWESS boolean SED9AWESS 7ELLAMA statement SEDLAMA MANGHIRDAKCHI 7ELLAMA statement SEDLAMA .)

WARNING: 
WARNING: Conflicts:
WARNING: 
WARNING: shift/reduce conflict for YUSSAWI2 in state 24 resolved as shift
WARNING: shift/reduce conflict for MAKAYSSAWICH in state 24 resolved as shift
WARNING: shift/reduce conflict for YUSSAWI2 in state 68 resolved as shift
WARNING: shift/reduce conflict for MAKAYSSAWICH in state 68 resolved as shift
WARNING: shift/reduce conflict for YUSSAWI2 in state 69 resolved as shift
WARNING: shift/reduce conflict for MAKAYSSAWICH in state 69 resolved as shift
WARNING: shift/reduce conflict for YUSSAWI2 in state 69 resolved as shift
WARNING: shift/reduce conflict for MAKAYSSAWICH in state 69 resolved as shift
WARNING: shift/reduce conflict for YUSSAWI2 in state 70 resolved as shift
WARNING: shift/reduce conflict for MAKAYSSAWICH in state 70 resolved as shift
WARNING: shift/reduce conflict for YUSSAWI2 in state 71 resolved as shift
WARNING: shift/reduce conflict for MAKAYSSAWICH in state 71 resolved as shift
WARNING: shift/reduce conflict for YUSSAWI2 in state 71 resolved as shift
WARNING: shift/reduce conflict for MAKAYSSAWICH in state 71 resolved as shift
WARNING: shift/reduce conflict for YUSSAWI2 in state 72 resolved as shift
WARNING: shift/reduce conflict for MAKAYSSAWICH in state 72 resolved as shift
WARNING: shift/reduce conflict for YUSSAWI2 in state 72 resolved as shift
WARNING: shift/reduce conflict for MAKAYSSAWICH in state 72 resolved as shift
WARNING: shift/reduce conflict for YUSSAWI2 in state 73 resolved as shift
WARNING: shift/reduce conflict for MAKAYSSAWICH in state 73 resolved as shift
WARNING: shift/reduce conflict for YUSSAWI2 in state 74 resolved as shift
WARNING: shift/reduce conflict for MAKAYSSAWICH in state 74 resolved as shift
WARNING: shift/reduce conflict for YUSSAWI2 in state 75 resolved as shift
WARNING: shift/reduce conflict for MAKAYSSAWICH in state 75 resolved as shift
WARNING: shift/reduce conflict for YUSSAWI2 in state 75 resolved as shift
WARNING: shift/reduce conflict for MAKAYSSAWICH in state 75 resolved as shift
WARNING: shift/reduce conflict for YUSSAWI2 in state 76 resolved as shift
WARNING: shift/reduce conflict for MAKAYSSAWICH in state 76 resolved as shift
WARNING: shift/reduce conflict for SEDLAMA in state 92 resolved as shift
WARNING: reduce/reduce conflict in state 66 resolved using rule (expression -> 7EL9AWESS expression SED9AWESS)
WARNING: rejected rule (factor -> 7EL9AWESS expression SED9AWESS) in state 66
WARNING: reduce/reduce conflict in state 72 resolved using rule (term -> ID)
WARNING: rejected rule (boolean -> ID YUSSAWI2 ID) in state 72
WARNING: Rule (boolean -> ID YUSSAWI2 ID) is never reduced
